[10.744s] DEBUG:colcon:Command line arguments: ['/usr/bin/colcon', 'build']
[10.745s] DEBUG:colcon:Parsed command line arguments: Namespace(log_base=None, log_level=None, verb_name='build', build_base='build', install_base='install', merge_install=False, symlink_install=False, test_result_base=None, continue_on_error=False, executor='parallel', parallel_workers=8, event_handlers=None, ignore_user_meta=False, metas=['./colcon.meta'], base_paths=['.'], packages_ignore=None, packages_ignore_regex=None, paths=None, packages_up_to=None, packages_up_to_regex=None, packages_above=None, packages_above_and_dependencies=None, packages_above_depth=None, packages_select_by_dep=None, packages_skip_by_dep=None, packages_skip_up_to=None, packages_select_build_failed=False, packages_skip_build_finished=False, packages_select_test_failures=False, packages_skip_test_passed=False, packages_select=None, packages_skip=None, packages_select_regex=None, packages_skip_regex=None, packages_start=None, packages_end=None, allow_overriding=[], cmake_args=None, cmake_target=None, cmake_target_skip_unavailable=False, cmake_clean_cache=False, cmake_clean_first=False, cmake_force_configure=False, ament_cmake_args=None, catkin_cmake_args=None, catkin_skip_building_tests=False, verb_parser=<colcon_defaults.argument_parser.defaults.DefaultArgumentsDecorator object at 0x7f8d48bb9720>, verb_extension=<colcon_core.verb.build.BuildVerb object at 0x7f8d493eaa40>, main=<bound method BuildVerb.main of <colcon_core.verb.build.BuildVerb object at 0x7f8d493eaa40>>)
[11.754s] Level 1:colcon.colcon_core.package_discovery:discover_packages(colcon_meta) check parameters
[11.754s] Level 1:colcon.colcon_core.package_discovery:discover_packages(recursive) check parameters
[11.754s] Level 1:colcon.colcon_core.package_discovery:discover_packages(ignore) check parameters
[11.754s] Level 1:colcon.colcon_core.package_discovery:discover_packages(path) check parameters
[11.754s] Level 1:colcon.colcon_core.package_discovery:discover_packages(colcon_meta) discover
[11.755s] Level 1:colcon.colcon_core.package_discovery:discover_packages(recursive) discover
[11.755s] INFO:colcon.colcon_core.package_discovery:Crawling recursively for packages in '/home/jca54/Machina_Robotics_HW/ros2_ws'
[11.755s] Level 1:colcon.colcon_core.package_identification:_identify(.) by extensions ['ignore', 'ignore_ament_install']
[11.755s] Level 1:colcon.colcon_core.package_identification:_identify(.) by extension 'ignore'
[11.756s] Level 1:colcon.colcon_core.package_identification:_identify(.) by extension 'ignore_ament_install'
[11.756s] Level 1:colcon.colcon_core.package_identification:_identify(.) by extensions ['colcon_pkg']
[11.756s] Level 1:colcon.colcon_core.package_identification:_identify(.) by extension 'colcon_pkg'
[11.756s] Level 1:colcon.colcon_core.package_identification:_identify(.) by extensions ['colcon_meta']
[11.757s] Level 1:colcon.colcon_core.package_identification:_identify(.) by extension 'colcon_meta'
[11.757s] Level 1:colcon.colcon_core.package_identification:_identify(.) by extensions ['ros']
[11.757s] Level 1:colcon.colcon_core.package_identification:_identify(.) by extension 'ros'
[11.929s] Level 1:colcon.colcon_core.package_identification:_identify(.) by extensions ['cmake', 'python']
[11.929s] Level 1:colcon.colcon_core.package_identification:_identify(.) by extension 'cmake'
[11.929s] Level 1:colcon.colcon_core.package_identification:_identify(.) by extension 'python'
[11.930s] Level 1:colcon.colcon_core.package_identification:_identify(.) by extensions ['python_setup_py']
[11.930s] Level 1:colcon.colcon_core.package_identification:_identify(.) by extension 'python_setup_py'
[11.931s] Level 1:colcon.colcon_core.package_identification:_identify(build) by extensions ['ignore', 'ignore_ament_install']
[11.931s] Level 1:colcon.colcon_core.package_identification:_identify(build) by extension 'ignore'
[11.931s] Level 1:colcon.colcon_core.package_identification:_identify(build) ignored
[11.932s] Level 1:colcon.colcon_core.package_identification:_identify(install) by extensions ['ignore', 'ignore_ament_install']
[11.932s] Level 1:colcon.colcon_core.package_identification:_identify(install) by extension 'ignore'
[11.932s] Level 1:colcon.colcon_core.package_identification:_identify(install) ignored
[11.933s] Level 1:colcon.colcon_core.package_identification:_identify(log) by extensions ['ignore', 'ignore_ament_install']
[11.933s] Level 1:colcon.colcon_core.package_identification:_identify(log) by extension 'ignore'
[11.933s] Level 1:colcon.colcon_core.package_identification:_identify(log) ignored
[11.934s] Level 1:colcon.colcon_core.package_identification:_identify(src) by extensions ['ignore', 'ignore_ament_install']
[11.934s] Level 1:colcon.colcon_core.package_identification:_identify(src) by extension 'ignore'
[11.934s] Level 1:colcon.colcon_core.package_identification:_identify(src) by extension 'ignore_ament_install'
[11.934s] Level 1:colcon.colcon_core.package_identification:_identify(src) by extensions ['colcon_pkg']
[11.934s] Level 1:colcon.colcon_core.package_identification:_identify(src) by extension 'colcon_pkg'
[11.935s] Level 1:colcon.colcon_core.package_identification:_identify(src) by extensions ['colcon_meta']
[11.935s] Level 1:colcon.colcon_core.package_identification:_identify(src) by extension 'colcon_meta'
[11.935s] Level 1:colcon.colcon_core.package_identification:_identify(src) by extensions ['ros']
[11.935s] Level 1:colcon.colcon_core.package_identification:_identify(src) by extension 'ros'
[11.936s] Level 1:colcon.colcon_core.package_identification:_identify(src) by extensions ['cmake', 'python']
[11.936s] Level 1:colcon.colcon_core.package_identification:_identify(src) by extension 'cmake'
[11.936s] Level 1:colcon.colcon_core.package_identification:_identify(src) by extension 'python'
[11.936s] Level 1:colcon.colcon_core.package_identification:_identify(src) by extensions ['python_setup_py']
[11.936s] Level 1:colcon.colcon_core.package_identification:_identify(src) by extension 'python_setup_py'
[11.937s] Level 1:colcon.colcon_core.package_identification:_identify(src/custom_interfaces) by extensions ['ignore', 'ignore_ament_install']
[11.937s] Level 1:colcon.colcon_core.package_identification:_identify(src/custom_interfaces) by extension 'ignore'
[11.937s] Level 1:colcon.colcon_core.package_identification:_identify(src/custom_interfaces) by extension 'ignore_ament_install'
[11.938s] Level 1:colcon.colcon_core.package_identification:_identify(src/custom_interfaces) by extensions ['colcon_pkg']
[11.938s] Level 1:colcon.colcon_core.package_identification:_identify(src/custom_interfaces) by extension 'colcon_pkg'
[11.938s] Level 1:colcon.colcon_core.package_identification:_identify(src/custom_interfaces) by extensions ['colcon_meta']
[11.938s] Level 1:colcon.colcon_core.package_identification:_identify(src/custom_interfaces) by extension 'colcon_meta'
[11.938s] Level 1:colcon.colcon_core.package_identification:_identify(src/custom_interfaces) by extensions ['ros']
[11.939s] Level 1:colcon.colcon_core.package_identification:_identify(src/custom_interfaces) by extension 'ros'
[11.981s] DEBUG:colcon.colcon_core.package_identification:Package 'src/custom_interfaces' with type 'ros.ament_cmake' and name 'custom_interfaces'
[11.981s] Level 1:colcon.colcon_core.package_discovery:discover_packages(recursive) using defaults
[11.981s] Level 1:colcon.colcon_core.package_discovery:discover_packages(ignore) discover
[11.981s] Level 1:colcon.colcon_core.package_discovery:discover_packages(ignore) using defaults
[11.981s] Level 1:colcon.colcon_core.package_discovery:discover_packages(path) discover
[11.981s] Level 1:colcon.colcon_core.package_discovery:discover_packages(path) using defaults
[12.506s] Level 1:colcon.colcon_core.package_discovery:discover_packages(prefix_path) check parameters
[12.506s] Level 1:colcon.colcon_core.package_discovery:discover_packages(prefix_path) discover
[12.596s] DEBUG:colcon.colcon_installed_package_information.package_discovery:Found 284 installed packages in /opt/ros/humble
[12.601s] Level 1:colcon.colcon_core.package_discovery:discover_packages(prefix_path) using defaults
[15.019s] Level 5:colcon.colcon_core.verb:set package 'custom_interfaces' build argument 'cmake_args' from command line to 'None'
[15.019s] Level 5:colcon.colcon_core.verb:set package 'custom_interfaces' build argument 'cmake_target' from command line to 'None'
[15.019s] Level 5:colcon.colcon_core.verb:set package 'custom_interfaces' build argument 'cmake_target_skip_unavailable' from command line to 'False'
[15.019s] Level 5:colcon.colcon_core.verb:set package 'custom_interfaces' build argument 'cmake_clean_cache' from command line to 'False'
[15.019s] Level 5:colcon.colcon_core.verb:set package 'custom_interfaces' build argument 'cmake_clean_first' from command line to 'False'
[15.020s] Level 5:colcon.colcon_core.verb:set package 'custom_interfaces' build argument 'cmake_force_configure' from command line to 'False'
[15.020s] Level 5:colcon.colcon_core.verb:set package 'custom_interfaces' build argument 'ament_cmake_args' from command line to 'None'
[15.020s] Level 5:colcon.colcon_core.verb:set package 'custom_interfaces' build argument 'catkin_cmake_args' from command line to 'None'
[15.020s] Level 5:colcon.colcon_core.verb:set package 'custom_interfaces' build argument 'catkin_skip_building_tests' from command line to 'False'
[15.020s] DEBUG:colcon.colcon_core.verb:Building package 'custom_interfaces' with the following arguments: {'ament_cmake_args': None, 'build_base': '/home/jca54/Machina_Robotics_HW/ros2_ws/build/custom_interfaces', 'catkin_cmake_args': None, 'catkin_skip_building_tests': False, 'cmake_args': None, 'cmake_clean_cache': False, 'cmake_clean_first': False, 'cmake_force_configure': False, 'cmake_target': None, 'cmake_target_skip_unavailable': False, 'install_base': '/home/jca54/Machina_Robotics_HW/ros2_ws/install/custom_interfaces', 'merge_install': False, 'path': '/home/jca54/Machina_Robotics_HW/ros2_ws/src/custom_interfaces', 'symlink_install': False, 'test_result_base': None}
[15.021s] INFO:colcon.colcon_core.executor:Executing jobs using 'parallel' executor
[15.029s] DEBUG:colcon.colcon_parallel_executor.executor.parallel:run_until_complete
[15.030s] INFO:colcon.colcon_ros.task.ament_cmake.build:Building ROS package in '/home/jca54/Machina_Robotics_HW/ros2_ws/src/custom_interfaces' with build type 'ament_cmake'
[15.030s] INFO:colcon.colcon_cmake.task.cmake.build:Building CMake package in '/home/jca54/Machina_Robotics_HW/ros2_ws/src/custom_interfaces'
[15.186s] INFO:colcon.colcon_core.plugin_system:Skipping extension 'colcon_core.shell.bat': Not used on non-Windows systems
[15.187s] INFO:colcon.colcon_core.shell:Skip shell extension 'powershell' for command environment: Not usable outside of PowerShell
[15.187s] DEBUG:colcon.colcon_core.shell:Skip shell extension 'dsv' for command environment
[15.279s] DEBUG:colcon.colcon_core.event_handler.log_command:Invoking command in '/home/jca54/Machina_Robotics_HW/ros2_ws/build/custom_interfaces': CMAKE_PREFIX_PATH=/opt/ros/humble /usr/bin/cmake /home/jca54/Machina_Robotics_HW/ros2_ws/src/custom_interfaces -DCMAKE_INSTALL_PREFIX=/home/jca54/Machina_Robotics_HW/ros2_ws/install/custom_interfaces
[30.748s] DEBUG:colcon.colcon_core.event_handler.log_command:Invoked command in '/home/jca54/Machina_Robotics_HW/ros2_ws/build/custom_interfaces' returned '0': CMAKE_PREFIX_PATH=/opt/ros/humble /usr/bin/cmake /home/jca54/Machina_Robotics_HW/ros2_ws/src/custom_interfaces -DCMAKE_INSTALL_PREFIX=/home/jca54/Machina_Robotics_HW/ros2_ws/install/custom_interfaces
[30.761s] DEBUG:colcon.colcon_core.event_handler.log_command:Invoking command in '/home/jca54/Machina_Robotics_HW/ros2_ws/build/custom_interfaces': CMAKE_PREFIX_PATH=/opt/ros/humble /usr/bin/cmake --build /home/jca54/Machina_Robotics_HW/ros2_ws/build/custom_interfaces -- -j8 -l8
[40.398s] DEBUG:colcon.colcon_core.event_handler.log_command:Invoked command in '/home/jca54/Machina_Robotics_HW/ros2_ws/build/custom_interfaces' returned '0': CMAKE_PREFIX_PATH=/opt/ros/humble /usr/bin/cmake --build /home/jca54/Machina_Robotics_HW/ros2_ws/build/custom_interfaces -- -j8 -l8
[41.293s] DEBUG:colcon.colcon_core.event_handler.log_command:Invoking command in '/home/jca54/Machina_Robotics_HW/ros2_ws/build/custom_interfaces': CMAKE_PREFIX_PATH=/opt/ros/humble /usr/bin/cmake --install /home/jca54/Machina_Robotics_HW/ros2_ws/build/custom_interfaces
[42.747s] Level 1:colcon.colcon_core.environment:create_environment_scripts_only(custom_interfaces)
[42.749s] DEBUG:colcon.colcon_core.event_handler.log_command:Invoked command in '/home/jca54/Machina_Robotics_HW/ros2_ws/build/custom_interfaces' returned '0': CMAKE_PREFIX_PATH=/opt/ros/humble /usr/bin/cmake --install /home/jca54/Machina_Robotics_HW/ros2_ws/build/custom_interfaces
[42.901s] Level 1:colcon.colcon_core.environment:checking '/home/jca54/Machina_Robotics_HW/ros2_ws/install/custom_interfaces' for CMake module files
[42.905s] Level 1:colcon.colcon_core.environment:checking '/home/jca54/Machina_Robotics_HW/ros2_ws/install/custom_interfaces' for CMake config files
[42.912s] Level 1:colcon.colcon_core.shell:create_environment_hook('custom_interfaces', 'cmake_prefix_path')
[42.915s] INFO:colcon.colcon_core.shell:Creating environment hook '/home/jca54/Machina_Robotics_HW/ros2_ws/install/custom_interfaces/share/custom_interfaces/hook/cmake_prefix_path.ps1'
[42.931s] INFO:colcon.colcon_core.shell:Creating environment descriptor '/home/jca54/Machina_Robotics_HW/ros2_ws/install/custom_interfaces/share/custom_interfaces/hook/cmake_prefix_path.dsv'
[42.945s] INFO:colcon.colcon_core.shell:Creating environment hook '/home/jca54/Machina_Robotics_HW/ros2_ws/install/custom_interfaces/share/custom_interfaces/hook/cmake_prefix_path.sh'
[42.962s] Level 1:colcon.colcon_core.environment:checking '/home/jca54/Machina_Robotics_HW/ros2_ws/install/custom_interfaces/lib'
[42.963s] Level 1:colcon.colcon_core.shell:create_environment_hook('custom_interfaces', 'ld_library_path_lib')
[42.966s] INFO:colcon.colcon_core.shell:Creating environment hook '/home/jca54/Machina_Robotics_HW/ros2_ws/install/custom_interfaces/share/custom_interfaces/hook/ld_library_path_lib.ps1'
[42.969s] INFO:colcon.colcon_core.shell:Creating environment descriptor '/home/jca54/Machina_Robotics_HW/ros2_ws/install/custom_interfaces/share/custom_interfaces/hook/ld_library_path_lib.dsv'
[42.972s] INFO:colcon.colcon_core.shell:Creating environment hook '/home/jca54/Machina_Robotics_HW/ros2_ws/install/custom_interfaces/share/custom_interfaces/hook/ld_library_path_lib.sh'
[42.975s] Level 1:colcon.colcon_core.environment:checking '/home/jca54/Machina_Robotics_HW/ros2_ws/install/custom_interfaces/bin'
[42.976s] Level 1:colcon.colcon_core.environment:checking '/home/jca54/Machina_Robotics_HW/ros2_ws/install/custom_interfaces/lib/pkgconfig/custom_interfaces.pc'
[42.977s] Level 1:colcon.colcon_core.environment:checking '/home/jca54/Machina_Robotics_HW/ros2_ws/install/custom_interfaces/lib/python3.10/site-packages'
[42.977s] Level 1:colcon.colcon_core.environment:checking '/home/jca54/Machina_Robotics_HW/ros2_ws/install/custom_interfaces/bin'
[42.981s] INFO:colcon.colcon_core.shell:Creating package script '/home/jca54/Machina_Robotics_HW/ros2_ws/install/custom_interfaces/share/custom_interfaces/package.ps1'
[43.005s] INFO:colcon.colcon_core.shell:Creating package descriptor '/home/jca54/Machina_Robotics_HW/ros2_ws/install/custom_interfaces/share/custom_interfaces/package.dsv'
[43.018s] INFO:colcon.colcon_core.shell:Creating package script '/home/jca54/Machina_Robotics_HW/ros2_ws/install/custom_interfaces/share/custom_interfaces/package.sh'
[43.040s] INFO:colcon.colcon_core.shell:Creating package script '/home/jca54/Machina_Robotics_HW/ros2_ws/install/custom_interfaces/share/custom_interfaces/package.bash'
[43.057s] INFO:colcon.colcon_core.shell:Creating package script '/home/jca54/Machina_Robotics_HW/ros2_ws/install/custom_interfaces/share/custom_interfaces/package.zsh'
[43.075s] Level 1:colcon.colcon_core.environment:create_file_with_runtime_dependencies(/home/jca54/Machina_Robotics_HW/ros2_ws/install/custom_interfaces/share/colcon-core/packages/custom_interfaces)
[43.765s] Level 1:colcon.colcon_core.environment:create_environment_scripts_only(custom_interfaces)
[43.770s] Level 1:colcon.colcon_core.environment:checking '/home/jca54/Machina_Robotics_HW/ros2_ws/install/custom_interfaces' for CMake module files
[43.774s] Level 1:colcon.colcon_core.environment:checking '/home/jca54/Machina_Robotics_HW/ros2_ws/install/custom_interfaces' for CMake config files
[43.781s] Level 1:colcon.colcon_core.shell:create_environment_hook('custom_interfaces', 'cmake_prefix_path')
[43.784s] INFO:colcon.colcon_core.shell:Creating environment hook '/home/jca54/Machina_Robotics_HW/ros2_ws/install/custom_interfaces/share/custom_interfaces/hook/cmake_prefix_path.ps1'
[43.786s] INFO:colcon.colcon_core.shell:Creating environment descriptor '/home/jca54/Machina_Robotics_HW/ros2_ws/install/custom_interfaces/share/custom_interfaces/hook/cmake_prefix_path.dsv'
[43.788s] INFO:colcon.colcon_core.shell:Creating environment hook '/home/jca54/Machina_Robotics_HW/ros2_ws/install/custom_interfaces/share/custom_interfaces/hook/cmake_prefix_path.sh'
[43.791s] Level 1:colcon.colcon_core.environment:checking '/home/jca54/Machina_Robotics_HW/ros2_ws/install/custom_interfaces/lib'
[43.792s] Level 1:colcon.colcon_core.shell:create_environment_hook('custom_interfaces', 'ld_library_path_lib')
[43.795s] INFO:colcon.colcon_core.shell:Creating environment hook '/home/jca54/Machina_Robotics_HW/ros2_ws/install/custom_interfaces/share/custom_interfaces/hook/ld_library_path_lib.ps1'
[43.797s] INFO:colcon.colcon_core.shell:Creating environment descriptor '/home/jca54/Machina_Robotics_HW/ros2_ws/install/custom_interfaces/share/custom_interfaces/hook/ld_library_path_lib.dsv'
[43.799s] INFO:colcon.colcon_core.shell:Creating environment hook '/home/jca54/Machina_Robotics_HW/ros2_ws/install/custom_interfaces/share/custom_interfaces/hook/ld_library_path_lib.sh'
[43.801s] Level 1:colcon.colcon_core.environment:checking '/home/jca54/Machina_Robotics_HW/ros2_ws/install/custom_interfaces/bin'
[43.802s] Level 1:colcon.colcon_core.environment:checking '/home/jca54/Machina_Robotics_HW/ros2_ws/install/custom_interfaces/lib/pkgconfig/custom_interfaces.pc'
[43.802s] Level 1:colcon.colcon_core.environment:checking '/home/jca54/Machina_Robotics_HW/ros2_ws/install/custom_interfaces/lib/python3.10/site-packages'
[43.803s] Level 1:colcon.colcon_core.environment:checking '/home/jca54/Machina_Robotics_HW/ros2_ws/install/custom_interfaces/bin'
[43.807s] INFO:colcon.colcon_core.shell:Creating package script '/home/jca54/Machina_Robotics_HW/ros2_ws/install/custom_interfaces/share/custom_interfaces/package.ps1'
[43.809s] INFO:colcon.colcon_core.shell:Creating package descriptor '/home/jca54/Machina_Robotics_HW/ros2_ws/install/custom_interfaces/share/custom_interfaces/package.dsv'
[43.812s] INFO:colcon.colcon_core.shell:Creating package script '/home/jca54/Machina_Robotics_HW/ros2_ws/install/custom_interfaces/share/custom_interfaces/package.sh'
[43.815s] INFO:colcon.colcon_core.shell:Creating package script '/home/jca54/Machina_Robotics_HW/ros2_ws/install/custom_interfaces/share/custom_interfaces/package.bash'
[43.817s] INFO:colcon.colcon_core.shell:Creating package script '/home/jca54/Machina_Robotics_HW/ros2_ws/install/custom_interfaces/share/custom_interfaces/package.zsh'
[43.820s] Level 1:colcon.colcon_core.environment:create_file_with_runtime_dependencies(/home/jca54/Machina_Robotics_HW/ros2_ws/install/custom_interfaces/share/colcon-core/packages/custom_interfaces)
[43.821s] DEBUG:colcon.colcon_parallel_executor.executor.parallel:closing loop
[43.825s] DEBUG:colcon.colcon_parallel_executor.executor.parallel:loop closed
[43.825s] DEBUG:colcon.colcon_parallel_executor.executor.parallel:run_until_complete finished with '0'
[43.826s] DEBUG:colcon.colcon_core.event_reactor:joining thread
[44.122s] INFO:colcon.colcon_core.plugin_system:Skipping extension 'colcon_notification.desktop_notification.notify_send': Could not find 'notify-send'
[44.123s] INFO:colcon.colcon_core.plugin_system:Skipping extension 'colcon_notification.desktop_notification.terminal_notifier': Not used on non-Darwin systems
[44.123s] INFO:colcon.colcon_core.plugin_system:Skipping extension 'colcon_notification.desktop_notification.win32': Not used on non-Windows systems
[44.123s] INFO:colcon.colcon_notification.desktop_notification:Sending desktop notification using 'notify2'
[44.123s] DEBUG:colcon.colcon_notification.desktop_notification.notify2:Failed to initialize notify2: org.freedesktop.DBus.Error.NotSupported: Unable to autolaunch a dbus-daemon without a $DISPLAY for X11
[44.124s] DEBUG:colcon.colcon_core.event_reactor:joined thread
[44.127s] INFO:colcon.colcon_core.shell:Creating prefix script '/home/jca54/Machina_Robotics_HW/ros2_ws/install/local_setup.ps1'
[44.149s] INFO:colcon.colcon_core.shell:Creating prefix util module '/home/jca54/Machina_Robotics_HW/ros2_ws/install/_local_setup_util_ps1.py'
[44.171s] INFO:colcon.colcon_core.shell:Creating prefix chain script '/home/jca54/Machina_Robotics_HW/ros2_ws/install/setup.ps1'
[44.194s] INFO:colcon.colcon_core.shell:Creating prefix script '/home/jca54/Machina_Robotics_HW/ros2_ws/install/local_setup.sh'
[44.215s] INFO:colcon.colcon_core.shell:Creating prefix util module '/home/jca54/Machina_Robotics_HW/ros2_ws/install/_local_setup_util_sh.py'
[44.218s] INFO:colcon.colcon_core.shell:Creating prefix chain script '/home/jca54/Machina_Robotics_HW/ros2_ws/install/setup.sh'
[44.236s] INFO:colcon.colcon_core.shell:Creating prefix script '/home/jca54/Machina_Robotics_HW/ros2_ws/install/local_setup.bash'
[44.259s] INFO:colcon.colcon_core.shell:Creating prefix chain script '/home/jca54/Machina_Robotics_HW/ros2_ws/install/setup.bash'
[44.277s] INFO:colcon.colcon_core.shell:Creating prefix script '/home/jca54/Machina_Robotics_HW/ros2_ws/install/local_setup.zsh'
[44.298s] INFO:colcon.colcon_core.shell:Creating prefix chain script '/home/jca54/Machina_Robotics_HW/ros2_ws/install/setup.zsh'
