[8.463s] DEBUG:colcon:Command line arguments: ['/usr/bin/colcon', 'build', '--packages-select', 'sensor_data']
[8.464s] DEBUG:colcon:Parsed command line arguments: Namespace(log_base=None, log_level=None, verb_name='build', build_base='build', install_base='install', merge_install=False, symlink_install=False, test_result_base=None, continue_on_error=False, executor='parallel', parallel_workers=8, event_handlers=None, ignore_user_meta=False, metas=['./colcon.meta'], base_paths=['.'], packages_ignore=None, packages_ignore_regex=None, paths=None, packages_up_to=None, packages_up_to_regex=None, packages_above=None, packages_above_and_dependencies=None, packages_above_depth=None, packages_select_by_dep=None, packages_skip_by_dep=None, packages_skip_up_to=None, packages_select_build_failed=False, packages_skip_build_finished=False, packages_select_test_failures=False, packages_skip_test_passed=False, packages_select=['sensor_data'], packages_skip=None, packages_select_regex=None, packages_skip_regex=None, packages_start=None, packages_end=None, allow_overriding=[], cmake_args=None, cmake_target=None, cmake_target_skip_unavailable=False, cmake_clean_cache=False, cmake_clean_first=False, cmake_force_configure=False, ament_cmake_args=None, catkin_cmake_args=None, catkin_skip_building_tests=False, verb_parser=<colcon_defaults.argument_parser.defaults.DefaultArgumentsDecorator object at 0x7f871c8a9ea0>, verb_extension=<colcon_core.verb.build.BuildVerb object at 0x7f871d0ddcf0>, main=<bound method BuildVerb.main of <colcon_core.verb.build.BuildVerb object at 0x7f871d0ddcf0>>)
[9.196s] Level 1:colcon.colcon_core.package_discovery:discover_packages(colcon_meta) check parameters
[9.197s] Level 1:colcon.colcon_core.package_discovery:discover_packages(recursive) check parameters
[9.197s] Level 1:colcon.colcon_core.package_discovery:discover_packages(ignore) check parameters
[9.197s] Level 1:colcon.colcon_core.package_discovery:discover_packages(path) check parameters
[9.197s] Level 1:colcon.colcon_core.package_discovery:discover_packages(colcon_meta) discover
[9.197s] Level 1:colcon.colcon_core.package_discovery:discover_packages(recursive) discover
[9.197s] INFO:colcon.colcon_core.package_discovery:Crawling recursively for packages in '/home/jca54/Machina_Robotics_HW/ros2_ws'
[9.198s] Level 1:colcon.colcon_core.package_identification:_identify(.) by extensions ['ignore', 'ignore_ament_install']
[9.198s] Level 1:colcon.colcon_core.package_identification:_identify(.) by extension 'ignore'
[9.198s] Level 1:colcon.colcon_core.package_identification:_identify(.) by extension 'ignore_ament_install'
[9.199s] Level 1:colcon.colcon_core.package_identification:_identify(.) by extensions ['colcon_pkg']
[9.199s] Level 1:colcon.colcon_core.package_identification:_identify(.) by extension 'colcon_pkg'
[9.199s] Level 1:colcon.colcon_core.package_identification:_identify(.) by extensions ['colcon_meta']
[9.199s] Level 1:colcon.colcon_core.package_identification:_identify(.) by extension 'colcon_meta'
[9.199s] Level 1:colcon.colcon_core.package_identification:_identify(.) by extensions ['ros']
[9.199s] Level 1:colcon.colcon_core.package_identification:_identify(.) by extension 'ros'
[9.361s] Level 1:colcon.colcon_core.package_identification:_identify(.) by extensions ['cmake', 'python']
[9.361s] Level 1:colcon.colcon_core.package_identification:_identify(.) by extension 'cmake'
[9.361s] Level 1:colcon.colcon_core.package_identification:_identify(.) by extension 'python'
[9.362s] Level 1:colcon.colcon_core.package_identification:_identify(.) by extensions ['python_setup_py']
[9.362s] Level 1:colcon.colcon_core.package_identification:_identify(.) by extension 'python_setup_py'
[9.362s] Level 1:colcon.colcon_core.package_identification:_identify(build) by extensions ['ignore', 'ignore_ament_install']
[9.363s] Level 1:colcon.colcon_core.package_identification:_identify(build) by extension 'ignore'
[9.363s] Level 1:colcon.colcon_core.package_identification:_identify(build) ignored
[9.363s] Level 1:colcon.colcon_core.package_identification:_identify(install) by extensions ['ignore', 'ignore_ament_install']
[9.364s] Level 1:colcon.colcon_core.package_identification:_identify(install) by extension 'ignore'
[9.364s] Level 1:colcon.colcon_core.package_identification:_identify(install) ignored
[9.364s] Level 1:colcon.colcon_core.package_identification:_identify(log) by extensions ['ignore', 'ignore_ament_install']
[9.365s] Level 1:colcon.colcon_core.package_identification:_identify(log) by extension 'ignore'
[9.365s] Level 1:colcon.colcon_core.package_identification:_identify(log) ignored
[9.365s] Level 1:colcon.colcon_core.package_identification:_identify(src) by extensions ['ignore', 'ignore_ament_install']
[9.366s] Level 1:colcon.colcon_core.package_identification:_identify(src) by extension 'ignore'
[9.366s] Level 1:colcon.colcon_core.package_identification:_identify(src) by extension 'ignore_ament_install'
[9.366s] Level 1:colcon.colcon_core.package_identification:_identify(src) by extensions ['colcon_pkg']
[9.366s] Level 1:colcon.colcon_core.package_identification:_identify(src) by extension 'colcon_pkg'
[9.366s] Level 1:colcon.colcon_core.package_identification:_identify(src) by extensions ['colcon_meta']
[9.367s] Level 1:colcon.colcon_core.package_identification:_identify(src) by extension 'colcon_meta'
[9.367s] Level 1:colcon.colcon_core.package_identification:_identify(src) by extensions ['ros']
[9.367s] Level 1:colcon.colcon_core.package_identification:_identify(src) by extension 'ros'
[9.367s] Level 1:colcon.colcon_core.package_identification:_identify(src) by extensions ['cmake', 'python']
[9.367s] Level 1:colcon.colcon_core.package_identification:_identify(src) by extension 'cmake'
[9.368s] Level 1:colcon.colcon_core.package_identification:_identify(src) by extension 'python'
[9.368s] Level 1:colcon.colcon_core.package_identification:_identify(src) by extensions ['python_setup_py']
[9.368s] Level 1:colcon.colcon_core.package_identification:_identify(src) by extension 'python_setup_py'
[9.369s] Level 1:colcon.colcon_core.package_identification:_identify(src/custom_interfaces) by extensions ['ignore', 'ignore_ament_install']
[9.369s] Level 1:colcon.colcon_core.package_identification:_identify(src/custom_interfaces) by extension 'ignore'
[9.370s] Level 1:colcon.colcon_core.package_identification:_identify(src/custom_interfaces) by extension 'ignore_ament_install'
[9.370s] Level 1:colcon.colcon_core.package_identification:_identify(src/custom_interfaces) by extensions ['colcon_pkg']
[9.370s] Level 1:colcon.colcon_core.package_identification:_identify(src/custom_interfaces) by extension 'colcon_pkg'
[9.370s] Level 1:colcon.colcon_core.package_identification:_identify(src/custom_interfaces) by extensions ['colcon_meta']
[9.371s] Level 1:colcon.colcon_core.package_identification:_identify(src/custom_interfaces) by extension 'colcon_meta'
[9.371s] Level 1:colcon.colcon_core.package_identification:_identify(src/custom_interfaces) by extensions ['ros']
[9.371s] Level 1:colcon.colcon_core.package_identification:_identify(src/custom_interfaces) by extension 'ros'
[9.423s] DEBUG:colcon.colcon_core.package_identification:Package 'src/custom_interfaces' with type 'ros.ament_cmake' and name 'custom_interfaces'
[9.424s] Level 1:colcon.colcon_core.package_identification:_identify(src/sensor_data) by extensions ['ignore', 'ignore_ament_install']
[9.424s] Level 1:colcon.colcon_core.package_identification:_identify(src/sensor_data) by extension 'ignore'
[9.424s] Level 1:colcon.colcon_core.package_identification:_identify(src/sensor_data) by extension 'ignore_ament_install'
[9.425s] Level 1:colcon.colcon_core.package_identification:_identify(src/sensor_data) by extensions ['colcon_pkg']
[9.425s] Level 1:colcon.colcon_core.package_identification:_identify(src/sensor_data) by extension 'colcon_pkg'
[9.425s] Level 1:colcon.colcon_core.package_identification:_identify(src/sensor_data) by extensions ['colcon_meta']
[9.425s] Level 1:colcon.colcon_core.package_identification:_identify(src/sensor_data) by extension 'colcon_meta'
[9.426s] Level 1:colcon.colcon_core.package_identification:_identify(src/sensor_data) by extensions ['ros']
[9.426s] Level 1:colcon.colcon_core.package_identification:_identify(src/sensor_data) by extension 'ros'
[9.441s] DEBUG:colcon.colcon_core.package_identification:Package 'src/sensor_data' with type 'ros.ament_python' and name 'sensor_data'
[9.441s] Level 1:colcon.colcon_core.package_discovery:discover_packages(recursive) using defaults
[9.442s] Level 1:colcon.colcon_core.package_discovery:discover_packages(ignore) discover
[9.442s] Level 1:colcon.colcon_core.package_discovery:discover_packages(ignore) using defaults
[9.442s] Level 1:colcon.colcon_core.package_discovery:discover_packages(path) discover
[9.442s] Level 1:colcon.colcon_core.package_discovery:discover_packages(path) using defaults
[9.937s] INFO:colcon.colcon_core.package_selection:Skipping not selected package 'custom_interfaces' in 'src/custom_interfaces'
[9.950s] Level 1:colcon.colcon_core.package_discovery:discover_packages(prefix_path) check parameters
[9.951s] Level 1:colcon.colcon_core.package_discovery:discover_packages(prefix_path) discover
[10.032s] DEBUG:colcon.colcon_installed_package_information.package_discovery:Found 2 installed packages in /home/jca54/Machina_Robotics_HW/ros2_ws/install
[10.040s] DEBUG:colcon.colcon_installed_package_information.package_discovery:Found 284 installed packages in /opt/ros/humble
[10.046s] Level 1:colcon.colcon_core.package_discovery:discover_packages(prefix_path) using defaults
[10.369s] Level 5:colcon.colcon_core.verb:set package 'sensor_data' build argument 'cmake_args' from command line to 'None'
[10.369s] Level 5:colcon.colcon_core.verb:set package 'sensor_data' build argument 'cmake_target' from command line to 'None'
[10.369s] Level 5:colcon.colcon_core.verb:set package 'sensor_data' build argument 'cmake_target_skip_unavailable' from command line to 'False'
[10.369s] Level 5:colcon.colcon_core.verb:set package 'sensor_data' build argument 'cmake_clean_cache' from command line to 'False'
[10.369s] Level 5:colcon.colcon_core.verb:set package 'sensor_data' build argument 'cmake_clean_first' from command line to 'False'
[10.369s] Level 5:colcon.colcon_core.verb:set package 'sensor_data' build argument 'cmake_force_configure' from command line to 'False'
[10.369s] Level 5:colcon.colcon_core.verb:set package 'sensor_data' build argument 'ament_cmake_args' from command line to 'None'
[10.369s] Level 5:colcon.colcon_core.verb:set package 'sensor_data' build argument 'catkin_cmake_args' from command line to 'None'
[10.369s] Level 5:colcon.colcon_core.verb:set package 'sensor_data' build argument 'catkin_skip_building_tests' from command line to 'False'
[10.369s] DEBUG:colcon.colcon_core.verb:Building package 'sensor_data' with the following arguments: {'ament_cmake_args': None, 'build_base': '/home/jca54/Machina_Robotics_HW/ros2_ws/build/sensor_data', 'catkin_cmake_args': None, 'catkin_skip_building_tests': False, 'cmake_args': None, 'cmake_clean_cache': False, 'cmake_clean_first': False, 'cmake_force_configure': False, 'cmake_target': None, 'cmake_target_skip_unavailable': False, 'install_base': '/home/jca54/Machina_Robotics_HW/ros2_ws/install/sensor_data', 'merge_install': False, 'path': '/home/jca54/Machina_Robotics_HW/ros2_ws/src/sensor_data', 'symlink_install': False, 'test_result_base': None}
[10.371s] INFO:colcon.colcon_core.executor:Executing jobs using 'parallel' executor
[10.378s] DEBUG:colcon.colcon_parallel_executor.executor.parallel:run_until_complete
[10.378s] INFO:colcon.colcon_ros.task.ament_python.build:Building ROS package in '/home/jca54/Machina_Robotics_HW/ros2_ws/src/sensor_data' with build type 'ament_python'
[10.379s] Level 1:colcon.colcon_core.shell:create_environment_hook('sensor_data', 'ament_prefix_path')
[10.522s] INFO:colcon.colcon_core.plugin_system:Skipping extension 'colcon_core.shell.bat': Not used on non-Windows systems
[10.523s] INFO:colcon.colcon_core.shell:Creating environment hook '/home/jca54/Machina_Robotics_HW/ros2_ws/install/sensor_data/share/sensor_data/hook/ament_prefix_path.ps1'
[10.539s] INFO:colcon.colcon_core.shell:Creating environment descriptor '/home/jca54/Machina_Robotics_HW/ros2_ws/install/sensor_data/share/sensor_data/hook/ament_prefix_path.dsv'
[10.553s] INFO:colcon.colcon_core.shell:Creating environment hook '/home/jca54/Machina_Robotics_HW/ros2_ws/install/sensor_data/share/sensor_data/hook/ament_prefix_path.sh'
[10.572s] INFO:colcon.colcon_core.shell:Skip shell extension 'powershell' for command environment: Not usable outside of PowerShell
[10.572s] DEBUG:colcon.colcon_core.shell:Skip shell extension 'dsv' for command environment
[11.275s] INFO:colcon.colcon_core.task.python.build:Building Python package in '/home/jca54/Machina_Robotics_HW/ros2_ws/src/sensor_data'
[11.276s] INFO:colcon.colcon_core.shell:Skip shell extension 'powershell' for command environment: Not usable outside of PowerShell
[11.276s] DEBUG:colcon.colcon_core.shell:Skip shell extension 'dsv' for command environment
[13.455s] DEBUG:colcon.colcon_core.event_handler.log_command:Invoking command in '/home/jca54/Machina_Robotics_HW/ros2_ws/src/sensor_data': PYTHONPATH=/home/jca54/Machina_Robotics_HW/ros2_ws/build/sensor_data/prefix_override:/home/jca54/Machina_Robotics_HW/ros2_ws/install/sensor_data/lib/python3.10/site-packages:${PYTHONPATH} /usr/bin/python3 setup.py egg_info --egg-base ../../build/sensor_data build --build-base /home/jca54/Machina_Robotics_HW/ros2_ws/build/sensor_data/build install --record /home/jca54/Machina_Robotics_HW/ros2_ws/build/sensor_data/install.log --single-version-externally-managed
[14.149s] DEBUG:colcon.colcon_core.event_handler.log_command:Invoked command in '/home/jca54/Machina_Robotics_HW/ros2_ws/src/sensor_data' returned '0': PYTHONPATH=/home/jca54/Machina_Robotics_HW/ros2_ws/build/sensor_data/prefix_override:/home/jca54/Machina_Robotics_HW/ros2_ws/install/sensor_data/lib/python3.10/site-packages:${PYTHONPATH} /usr/bin/python3 setup.py egg_info --egg-base ../../build/sensor_data build --build-base /home/jca54/Machina_Robotics_HW/ros2_ws/build/sensor_data/build install --record /home/jca54/Machina_Robotics_HW/ros2_ws/build/sensor_data/install.log --single-version-externally-managed
[14.297s] Level 1:colcon.colcon_core.environment:checking '/home/jca54/Machina_Robotics_HW/ros2_ws/install/sensor_data' for CMake module files
[14.301s] Level 1:colcon.colcon_core.environment:checking '/home/jca54/Machina_Robotics_HW/ros2_ws/install/sensor_data' for CMake config files
[14.306s] Level 1:colcon.colcon_core.environment:checking '/home/jca54/Machina_Robotics_HW/ros2_ws/install/sensor_data/lib'
[14.306s] Level 1:colcon.colcon_core.environment:checking '/home/jca54/Machina_Robotics_HW/ros2_ws/install/sensor_data/bin'
[14.307s] Level 1:colcon.colcon_core.environment:checking '/home/jca54/Machina_Robotics_HW/ros2_ws/install/sensor_data/lib/pkgconfig/sensor_data.pc'
[14.307s] Level 1:colcon.colcon_core.environment:checking '/home/jca54/Machina_Robotics_HW/ros2_ws/install/sensor_data/lib/python3.10/site-packages'
[14.308s] Level 1:colcon.colcon_core.shell:create_environment_hook('sensor_data', 'pythonpath')
[14.310s] INFO:colcon.colcon_core.shell:Creating environment hook '/home/jca54/Machina_Robotics_HW/ros2_ws/install/sensor_data/share/sensor_data/hook/pythonpath.ps1'
[14.313s] INFO:colcon.colcon_core.shell:Creating environment descriptor '/home/jca54/Machina_Robotics_HW/ros2_ws/install/sensor_data/share/sensor_data/hook/pythonpath.dsv'
[14.316s] INFO:colcon.colcon_core.shell:Creating environment hook '/home/jca54/Machina_Robotics_HW/ros2_ws/install/sensor_data/share/sensor_data/hook/pythonpath.sh'
[14.319s] Level 1:colcon.colcon_core.environment:checking '/home/jca54/Machina_Robotics_HW/ros2_ws/install/sensor_data/bin'
[14.320s] Level 1:colcon.colcon_core.environment:create_environment_scripts_only(sensor_data)
[14.323s] INFO:colcon.colcon_core.shell:Creating package script '/home/jca54/Machina_Robotics_HW/ros2_ws/install/sensor_data/share/sensor_data/package.ps1'
[14.349s] INFO:colcon.colcon_core.shell:Creating package descriptor '/home/jca54/Machina_Robotics_HW/ros2_ws/install/sensor_data/share/sensor_data/package.dsv'
[14.363s] INFO:colcon.colcon_core.shell:Creating package script '/home/jca54/Machina_Robotics_HW/ros2_ws/install/sensor_data/share/sensor_data/package.sh'
[14.387s] INFO:colcon.colcon_core.shell:Creating package script '/home/jca54/Machina_Robotics_HW/ros2_ws/install/sensor_data/share/sensor_data/package.bash'
[14.405s] INFO:colcon.colcon_core.shell:Creating package script '/home/jca54/Machina_Robotics_HW/ros2_ws/install/sensor_data/share/sensor_data/package.zsh'
[14.422s] Level 1:colcon.colcon_core.environment:create_file_with_runtime_dependencies(/home/jca54/Machina_Robotics_HW/ros2_ws/install/sensor_data/share/colcon-core/packages/sensor_data)
[14.424s] DEBUG:colcon.colcon_parallel_executor.executor.parallel:closing loop
[14.427s] DEBUG:colcon.colcon_parallel_executor.executor.parallel:loop closed
[14.428s] DEBUG:colcon.colcon_parallel_executor.executor.parallel:run_until_complete finished with '0'
[14.429s] DEBUG:colcon.colcon_core.event_reactor:joining thread
[14.794s] INFO:colcon.colcon_core.plugin_system:Skipping extension 'colcon_notification.desktop_notification.notify_send': Could not find 'notify-send'
[14.794s] INFO:colcon.colcon_core.plugin_system:Skipping extension 'colcon_notification.desktop_notification.terminal_notifier': Not used on non-Darwin systems
[14.794s] INFO:colcon.colcon_core.plugin_system:Skipping extension 'colcon_notification.desktop_notification.win32': Not used on non-Windows systems
[14.794s] INFO:colcon.colcon_notification.desktop_notification:Sending desktop notification using 'notify2'
[14.795s] DEBUG:colcon.colcon_notification.desktop_notification.notify2:Failed to initialize notify2: org.freedesktop.DBus.Error.NotSupported: Unable to autolaunch a dbus-daemon without a $DISPLAY for X11
[14.795s] DEBUG:colcon.colcon_core.event_reactor:joined thread
[14.798s] INFO:colcon.colcon_core.shell:Creating prefix script '/home/jca54/Machina_Robotics_HW/ros2_ws/install/local_setup.ps1'
[14.823s] INFO:colcon.colcon_core.shell:Creating prefix util module '/home/jca54/Machina_Robotics_HW/ros2_ws/install/_local_setup_util_ps1.py'
[14.845s] INFO:colcon.colcon_core.shell:Creating prefix chain script '/home/jca54/Machina_Robotics_HW/ros2_ws/install/setup.ps1'
[14.871s] INFO:colcon.colcon_core.shell:Creating prefix script '/home/jca54/Machina_Robotics_HW/ros2_ws/install/local_setup.sh'
[14.898s] INFO:colcon.colcon_core.shell:Creating prefix util module '/home/jca54/Machina_Robotics_HW/ros2_ws/install/_local_setup_util_sh.py'
[14.901s] INFO:colcon.colcon_core.shell:Creating prefix chain script '/home/jca54/Machina_Robotics_HW/ros2_ws/install/setup.sh'
[14.919s] INFO:colcon.colcon_core.shell:Creating prefix script '/home/jca54/Machina_Robotics_HW/ros2_ws/install/local_setup.bash'
[14.945s] INFO:colcon.colcon_core.shell:Creating prefix chain script '/home/jca54/Machina_Robotics_HW/ros2_ws/install/setup.bash'
[14.964s] INFO:colcon.colcon_core.shell:Creating prefix script '/home/jca54/Machina_Robotics_HW/ros2_ws/install/local_setup.zsh'
[14.982s] INFO:colcon.colcon_core.shell:Creating prefix chain script '/home/jca54/Machina_Robotics_HW/ros2_ws/install/setup.zsh'
