[1.193s] Invoking command in '/home/jca54/Machina_Robotics_HW/ros2_ws/src/sensor_data': AMENT_PREFIX_PATH=/home/jca54/Machina_Robotics_HW/ros2_ws/install/custom_interfaces:${AMENT_PREFIX_PATH} CMAKE_PREFIX_PATH=/home/jca54/Machina_Robotics_HW/ros2_ws/install/custom_interfaces LD_LIBRARY_PATH=/home/jca54/Machina_Robotics_HW/ros2_ws/install/custom_interfaces/lib:${LD_LIBRARY_PATH} PYTHONPATH=/home/jca54/Machina_Robotics_HW/ros2_ws/build/sensor_data/prefix_override:/home/jca54/Machina_Robotics_HW/ros2_ws/install/sensor_data/lib/python3.10/site-packages:/home/jca54/Machina_Robotics_HW/ros2_ws/install/custom_interfaces/local/lib/python3.10/dist-packages:${PYTHONPATH} /usr/bin/python3 setup.py egg_info --egg-base ../../build/sensor_data build --build-base /home/jca54/Machina_Robotics_HW/ros2_ws/build/sensor_data/build install --record /home/jca54/Machina_Robotics_HW/ros2_ws/build/sensor_data/install.log --single-version-externally-managed
[1.652s] running egg_info
[1.653s] writing ../../build/sensor_data/sensor_data.egg-info/PKG-INFO
[1.654s] writing dependency_links to ../../build/sensor_data/sensor_data.egg-info/dependency_links.txt
[1.655s] writing entry points to ../../build/sensor_data/sensor_data.egg-info/entry_points.txt
[1.656s] writing requirements to ../../build/sensor_data/sensor_data.egg-info/requires.txt
[1.657s] writing top-level names to ../../build/sensor_data/sensor_data.egg-info/top_level.txt
[1.668s] reading manifest file '../../build/sensor_data/sensor_data.egg-info/SOURCES.txt'
[1.668s] writing manifest file '../../build/sensor_data/sensor_data.egg-info/SOURCES.txt'
[1.668s] running build
[1.668s] running build_py
[1.668s] copying sensor_data/sensor_client.py -> /home/jca54/Machina_Robotics_HW/ros2_ws/build/sensor_data/build/lib/sensor_data
[1.680s] copying sensor_data/sensor_service.py -> /home/jca54/Machina_Robotics_HW/ros2_ws/build/sensor_data/build/lib/sensor_data
[1.702s] running install
[1.703s] /usr/lib/python3/dist-packages/setuptools/command/install.py:34: SetuptoolsDeprecationWarning: setup.py install is deprecated. Use build and pip and other standards-based tools.
[1.703s]   warnings.warn(
[1.704s] running install_lib
[1.707s] copying /home/jca54/Machina_Robotics_HW/ros2_ws/build/sensor_data/build/lib/sensor_data/sensor_client.py -> /home/jca54/Machina_Robotics_HW/ros2_ws/install/sensor_data/lib/python3.10/site-packages/sensor_data
[1.712s] copying /home/jca54/Machina_Robotics_HW/ros2_ws/build/sensor_data/build/lib/sensor_data/sensor_service.py -> /home/jca54/Machina_Robotics_HW/ros2_ws/install/sensor_data/lib/python3.10/site-packages/sensor_data
[1.718s] byte-compiling /home/jca54/Machina_Robotics_HW/ros2_ws/install/sensor_data/lib/python3.10/site-packages/sensor_data/sensor_client.py to sensor_client.cpython-310.pyc
[1.724s] byte-compiling /home/jca54/Machina_Robotics_HW/ros2_ws/install/sensor_data/lib/python3.10/site-packages/sensor_data/sensor_service.py to sensor_service.cpython-310.pyc
[1.732s] running install_data
[1.734s] running install_egg_info
[1.742s] removing '/home/jca54/Machina_Robotics_HW/ros2_ws/install/sensor_data/lib/python3.10/site-packages/sensor_data-0.0.0-py3.10.egg-info' (and everything under it)
[1.746s] Copying ../../build/sensor_data/sensor_data.egg-info to /home/jca54/Machina_Robotics_HW/ros2_ws/install/sensor_data/lib/python3.10/site-packages/sensor_data-0.0.0-py3.10.egg-info
[1.769s] running install_scripts
[1.799s] Installing client script to /home/jca54/Machina_Robotics_HW/ros2_ws/install/sensor_data/lib/sensor_data
[1.800s] Installing service script to /home/jca54/Machina_Robotics_HW/ros2_ws/install/sensor_data/lib/sensor_data
[1.802s] writing list of installed files to '/home/jca54/Machina_Robotics_HW/ros2_ws/build/sensor_data/install.log'
[1.825s] Invoked command in '/home/jca54/Machina_Robotics_HW/ros2_ws/src/sensor_data' returned '0': AMENT_PREFIX_PATH=/home/jca54/Machina_Robotics_HW/ros2_ws/install/custom_interfaces:${AMENT_PREFIX_PATH} CMAKE_PREFIX_PATH=/home/jca54/Machina_Robotics_HW/ros2_ws/install/custom_interfaces LD_LIBRARY_PATH=/home/jca54/Machina_Robotics_HW/ros2_ws/install/custom_interfaces/lib:${LD_LIBRARY_PATH} PYTHONPATH=/home/jca54/Machina_Robotics_HW/ros2_ws/build/sensor_data/prefix_override:/home/jca54/Machina_Robotics_HW/ros2_ws/install/sensor_data/lib/python3.10/site-packages:/home/jca54/Machina_Robotics_HW/ros2_ws/install/custom_interfaces/local/lib/python3.10/dist-packages:${PYTHONPATH} /usr/bin/python3 setup.py egg_info --egg-base ../../build/sensor_data build --build-base /home/jca54/Machina_Robotics_HW/ros2_ws/build/sensor_data/build install --record /home/jca54/Machina_Robotics_HW/ros2_ws/build/sensor_data/install.log --single-version-externally-managed
