[6.433s] DEBUG:colcon:Command line arguments: ['/usr/bin/colcon', 'build', '--packages-select', 'sensor_data']
[6.434s] DEBUG:colcon:Parsed command line arguments: Namespace(log_base=None, log_level=None, verb_name='build', build_base='build', install_base='install', merge_install=False, symlink_install=False, test_result_base=None, continue_on_error=False, executor='parallel', parallel_workers=8, event_handlers=None, ignore_user_meta=False, metas=['./colcon.meta'], base_paths=['.'], packages_ignore=None, packages_ignore_regex=None, paths=None, packages_up_to=None, packages_up_to_regex=None, packages_above=None, packages_above_and_dependencies=None, packages_above_depth=None, packages_select_by_dep=None, packages_skip_by_dep=None, packages_skip_up_to=None, packages_select_build_failed=False, packages_skip_build_finished=False, packages_select_test_failures=False, packages_skip_test_passed=False, packages_select=['sensor_data'], packages_skip=None, packages_select_regex=None, packages_skip_regex=None, packages_start=None, packages_end=None, allow_overriding=[], cmake_args=None, cmake_target=None, cmake_target_skip_unavailable=False, cmake_clean_cache=False, cmake_clean_first=False, cmake_force_configure=False, ament_cmake_args=None, catkin_cmake_args=None, catkin_skip_building_tests=False, verb_parser=<colcon_defaults.argument_parser.defaults.DefaultArgumentsDecorator object at 0x7fc957fd96f0>, verb_extension=<colcon_core.verb.build.BuildVerb object at 0x7fc95880aa70>, main=<bound method BuildVerb.main of <colcon_core.verb.build.BuildVerb object at 0x7fc95880aa70>>)
[7.082s] Level 1:colcon.colcon_core.package_discovery:discover_packages(colcon_meta) check parameters
[7.083s] Level 1:colcon.colcon_core.package_discovery:discover_packages(recursive) check parameters
[7.083s] Level 1:colcon.colcon_core.package_discovery:discover_packages(ignore) check parameters
[7.083s] Level 1:colcon.colcon_core.package_discovery:discover_packages(path) check parameters
[7.083s] Level 1:colcon.colcon_core.package_discovery:discover_packages(colcon_meta) discover
[7.083s] Level 1:colcon.colcon_core.package_discovery:discover_packages(recursive) discover
[7.083s] INFO:colcon.colcon_core.package_discovery:Crawling recursively for packages in '/home/jca54/Machina_Robotics_HW/ros2_ws'
[7.083s] Level 1:colcon.colcon_core.package_identification:_identify(.) by extensions ['ignore', 'ignore_ament_install']
[7.084s] Level 1:colcon.colcon_core.package_identification:_identify(.) by extension 'ignore'
[7.084s] Level 1:colcon.colcon_core.package_identification:_identify(.) by extension 'ignore_ament_install'
[7.084s] Level 1:colcon.colcon_core.package_identification:_identify(.) by extensions ['colcon_pkg']
[7.084s] Level 1:colcon.colcon_core.package_identification:_identify(.) by extension 'colcon_pkg'
[7.084s] Level 1:colcon.colcon_core.package_identification:_identify(.) by extensions ['colcon_meta']
[7.084s] Level 1:colcon.colcon_core.package_identification:_identify(.) by extension 'colcon_meta'
[7.084s] Level 1:colcon.colcon_core.package_identification:_identify(.) by extensions ['ros']
[7.085s] Level 1:colcon.colcon_core.package_identification:_identify(.) by extension 'ros'
[7.230s] Level 1:colcon.colcon_core.package_identification:_identify(.) by extensions ['cmake', 'python']
[7.230s] Level 1:colcon.colcon_core.package_identification:_identify(.) by extension 'cmake'
[7.230s] Level 1:colcon.colcon_core.package_identification:_identify(.) by extension 'python'
[7.230s] Level 1:colcon.colcon_core.package_identification:_identify(.) by extensions ['python_setup_py']
[7.231s] Level 1:colcon.colcon_core.package_identification:_identify(.) by extension 'python_setup_py'
[7.231s] Level 1:colcon.colcon_core.package_identification:_identify(build) by extensions ['ignore', 'ignore_ament_install']
[7.232s] Level 1:colcon.colcon_core.package_identification:_identify(build) by extension 'ignore'
[7.232s] Level 1:colcon.colcon_core.package_identification:_identify(build) ignored
[7.232s] Level 1:colcon.colcon_core.package_identification:_identify(install) by extensions ['ignore', 'ignore_ament_install']
[7.233s] Level 1:colcon.colcon_core.package_identification:_identify(install) by extension 'ignore'
[7.233s] Level 1:colcon.colcon_core.package_identification:_identify(install) ignored
[7.234s] Level 1:colcon.colcon_core.package_identification:_identify(log) by extensions ['ignore', 'ignore_ament_install']
[7.234s] Level 1:colcon.colcon_core.package_identification:_identify(log) by extension 'ignore'
[7.234s] Level 1:colcon.colcon_core.package_identification:_identify(log) ignored
[7.235s] Level 1:colcon.colcon_core.package_identification:_identify(src) by extensions ['ignore', 'ignore_ament_install']
[7.235s] Level 1:colcon.colcon_core.package_identification:_identify(src) by extension 'ignore'
[7.235s] Level 1:colcon.colcon_core.package_identification:_identify(src) by extension 'ignore_ament_install'
[7.236s] Level 1:colcon.colcon_core.package_identification:_identify(src) by extensions ['colcon_pkg']
[7.236s] Level 1:colcon.colcon_core.package_identification:_identify(src) by extension 'colcon_pkg'
[7.236s] Level 1:colcon.colcon_core.package_identification:_identify(src) by extensions ['colcon_meta']
[7.236s] Level 1:colcon.colcon_core.package_identification:_identify(src) by extension 'colcon_meta'
[7.236s] Level 1:colcon.colcon_core.package_identification:_identify(src) by extensions ['ros']
[7.237s] Level 1:colcon.colcon_core.package_identification:_identify(src) by extension 'ros'
[7.237s] Level 1:colcon.colcon_core.package_identification:_identify(src) by extensions ['cmake', 'python']
[7.237s] Level 1:colcon.colcon_core.package_identification:_identify(src) by extension 'cmake'
[7.238s] Level 1:colcon.colcon_core.package_identification:_identify(src) by extension 'python'
[7.238s] Level 1:colcon.colcon_core.package_identification:_identify(src) by extensions ['python_setup_py']
[7.238s] Level 1:colcon.colcon_core.package_identification:_identify(src) by extension 'python_setup_py'
[7.239s] Level 1:colcon.colcon_core.package_identification:_identify(src/custom_interfaces) by extensions ['ignore', 'ignore_ament_install']
[7.239s] Level 1:colcon.colcon_core.package_identification:_identify(src/custom_interfaces) by extension 'ignore'
[7.239s] Level 1:colcon.colcon_core.package_identification:_identify(src/custom_interfaces) by extension 'ignore_ament_install'
[7.239s] Level 1:colcon.colcon_core.package_identification:_identify(src/custom_interfaces) by extensions ['colcon_pkg']
[7.240s] Level 1:colcon.colcon_core.package_identification:_identify(src/custom_interfaces) by extension 'colcon_pkg'
[7.240s] Level 1:colcon.colcon_core.package_identification:_identify(src/custom_interfaces) by extensions ['colcon_meta']
[7.240s] Level 1:colcon.colcon_core.package_identification:_identify(src/custom_interfaces) by extension 'colcon_meta'
[7.240s] Level 1:colcon.colcon_core.package_identification:_identify(src/custom_interfaces) by extensions ['ros']
[7.240s] Level 1:colcon.colcon_core.package_identification:_identify(src/custom_interfaces) by extension 'ros'
[7.286s] DEBUG:colcon.colcon_core.package_identification:Package 'src/custom_interfaces' with type 'ros.ament_cmake' and name 'custom_interfaces'
[7.287s] Level 1:colcon.colcon_core.package_identification:_identify(src/sensor_data) by extensions ['ignore', 'ignore_ament_install']
[7.287s] Level 1:colcon.colcon_core.package_identification:_identify(src/sensor_data) by extension 'ignore'
[7.287s] Level 1:colcon.colcon_core.package_identification:_identify(src/sensor_data) by extension 'ignore_ament_install'
[7.288s] Level 1:colcon.colcon_core.package_identification:_identify(src/sensor_data) by extensions ['colcon_pkg']
[7.288s] Level 1:colcon.colcon_core.package_identification:_identify(src/sensor_data) by extension 'colcon_pkg'
[7.288s] Level 1:colcon.colcon_core.package_identification:_identify(src/sensor_data) by extensions ['colcon_meta']
[7.288s] Level 1:colcon.colcon_core.package_identification:_identify(src/sensor_data) by extension 'colcon_meta'
[7.288s] Level 1:colcon.colcon_core.package_identification:_identify(src/sensor_data) by extensions ['ros']
[7.289s] Level 1:colcon.colcon_core.package_identification:_identify(src/sensor_data) by extension 'ros'
[7.303s] DEBUG:colcon.colcon_core.package_identification:Package 'src/sensor_data' with type 'ros.ament_python' and name 'sensor_data'
[7.303s] Level 1:colcon.colcon_core.package_discovery:discover_packages(recursive) using defaults
[7.304s] Level 1:colcon.colcon_core.package_discovery:discover_packages(ignore) discover
[7.304s] Level 1:colcon.colcon_core.package_discovery:discover_packages(ignore) using defaults
[7.304s] Level 1:colcon.colcon_core.package_discovery:discover_packages(path) discover
[7.304s] Level 1:colcon.colcon_core.package_discovery:discover_packages(path) using defaults
[7.611s] INFO:colcon.colcon_core.package_selection:Skipping not selected package 'custom_interfaces' in 'src/custom_interfaces'
[7.618s] Level 1:colcon.colcon_core.package_discovery:discover_packages(prefix_path) check parameters
[7.618s] Level 1:colcon.colcon_core.package_discovery:discover_packages(prefix_path) discover
[7.673s] DEBUG:colcon.colcon_installed_package_information.package_discovery:Found 284 installed packages in /opt/ros/humble
[7.676s] Level 1:colcon.colcon_core.package_discovery:discover_packages(prefix_path) using defaults
[7.902s] Level 5:colcon.colcon_core.verb:set package 'sensor_data' build argument 'cmake_args' from command line to 'None'
[7.902s] Level 5:colcon.colcon_core.verb:set package 'sensor_data' build argument 'cmake_target' from command line to 'None'
[7.903s] Level 5:colcon.colcon_core.verb:set package 'sensor_data' build argument 'cmake_target_skip_unavailable' from command line to 'False'
[7.903s] Level 5:colcon.colcon_core.verb:set package 'sensor_data' build argument 'cmake_clean_cache' from command line to 'False'
[7.903s] Level 5:colcon.colcon_core.verb:set package 'sensor_data' build argument 'cmake_clean_first' from command line to 'False'
[7.903s] Level 5:colcon.colcon_core.verb:set package 'sensor_data' build argument 'cmake_force_configure' from command line to 'False'
[7.903s] Level 5:colcon.colcon_core.verb:set package 'sensor_data' build argument 'ament_cmake_args' from command line to 'None'
[7.903s] Level 5:colcon.colcon_core.verb:set package 'sensor_data' build argument 'catkin_cmake_args' from command line to 'None'
[7.903s] Level 5:colcon.colcon_core.verb:set package 'sensor_data' build argument 'catkin_skip_building_tests' from command line to 'False'
[7.903s] DEBUG:colcon.colcon_core.verb:Building package 'sensor_data' with the following arguments: {'ament_cmake_args': None, 'build_base': '/home/jca54/Machina_Robotics_HW/ros2_ws/build/sensor_data', 'catkin_cmake_args': None, 'catkin_skip_building_tests': False, 'cmake_args': None, 'cmake_clean_cache': False, 'cmake_clean_first': False, 'cmake_force_configure': False, 'cmake_target': None, 'cmake_target_skip_unavailable': False, 'install_base': '/home/jca54/Machina_Robotics_HW/ros2_ws/install/sensor_data', 'merge_install': False, 'path': '/home/jca54/Machina_Robotics_HW/ros2_ws/src/sensor_data', 'symlink_install': False, 'test_result_base': None}
[7.904s] INFO:colcon.colcon_core.executor:Executing jobs using 'parallel' executor
[7.909s] DEBUG:colcon.colcon_parallel_executor.executor.parallel:run_until_complete
[7.909s] INFO:colcon.colcon_ros.task.ament_python.build:Building ROS package in '/home/jca54/Machina_Robotics_HW/ros2_ws/src/sensor_data' with build type 'ament_python'
[7.909s] Level 1:colcon.colcon_core.shell:create_environment_hook('sensor_data', 'ament_prefix_path')
[7.985s] INFO:colcon.colcon_core.plugin_system:Skipping extension 'colcon_core.shell.bat': Not used on non-Windows systems
[7.986s] INFO:colcon.colcon_core.shell:Creating environment hook '/home/jca54/Machina_Robotics_HW/ros2_ws/install/sensor_data/share/sensor_data/hook/ament_prefix_path.ps1'
[7.995s] INFO:colcon.colcon_core.shell:Creating environment descriptor '/home/jca54/Machina_Robotics_HW/ros2_ws/install/sensor_data/share/sensor_data/hook/ament_prefix_path.dsv'
[8.002s] INFO:colcon.colcon_core.shell:Creating environment hook '/home/jca54/Machina_Robotics_HW/ros2_ws/install/sensor_data/share/sensor_data/hook/ament_prefix_path.sh'
[8.013s] INFO:colcon.colcon_core.shell:Skip shell extension 'powershell' for command environment: Not usable outside of PowerShell
[8.013s] DEBUG:colcon.colcon_core.shell:Skip shell extension 'dsv' for command environment
[8.599s] INFO:colcon.colcon_core.task.python.build:Building Python package in '/home/jca54/Machina_Robotics_HW/ros2_ws/src/sensor_data'
[8.600s] INFO:colcon.colcon_core.shell:Skip shell extension 'powershell' for command environment: Not usable outside of PowerShell
[8.600s] DEBUG:colcon.colcon_core.shell:Skip shell extension 'dsv' for command environment
[10.003s] DEBUG:colcon.colcon_core.event_handler.log_command:Invoking command in '/home/jca54/Machina_Robotics_HW/ros2_ws/src/sensor_data': AMENT_PREFIX_PATH=/home/jca54/Machina_Robotics_HW/ros2_ws/install/custom_interfaces:${AMENT_PREFIX_PATH} CMAKE_PREFIX_PATH=/home/jca54/Machina_Robotics_HW/ros2_ws/install/custom_interfaces LD_LIBRARY_PATH=/home/jca54/Machina_Robotics_HW/ros2_ws/install/custom_interfaces/lib:${LD_LIBRARY_PATH} PYTHONPATH=/home/jca54/Machina_Robotics_HW/ros2_ws/build/sensor_data/prefix_override:/home/jca54/Machina_Robotics_HW/ros2_ws/install/sensor_data/lib/python3.10/site-packages:/home/jca54/Machina_Robotics_HW/ros2_ws/install/custom_interfaces/local/lib/python3.10/dist-packages:${PYTHONPATH} /usr/bin/python3 setup.py egg_info --egg-base ../../build/sensor_data build --build-base /home/jca54/Machina_Robotics_HW/ros2_ws/build/sensor_data/build install --record /home/jca54/Machina_Robotics_HW/ros2_ws/build/sensor_data/install.log --single-version-externally-managed
[10.713s] DEBUG:colcon.colcon_core.event_handler.log_command:Invoked command in '/home/jca54/Machina_Robotics_HW/ros2_ws/src/sensor_data' returned '0': AMENT_PREFIX_PATH=/home/jca54/Machina_Robotics_HW/ros2_ws/install/custom_interfaces:${AMENT_PREFIX_PATH} CMAKE_PREFIX_PATH=/home/jca54/Machina_Robotics_HW/ros2_ws/install/custom_interfaces LD_LIBRARY_PATH=/home/jca54/Machina_Robotics_HW/ros2_ws/install/custom_interfaces/lib:${LD_LIBRARY_PATH} PYTHONPATH=/home/jca54/Machina_Robotics_HW/ros2_ws/build/sensor_data/prefix_override:/home/jca54/Machina_Robotics_HW/ros2_ws/install/sensor_data/lib/python3.10/site-packages:/home/jca54/Machina_Robotics_HW/ros2_ws/install/custom_interfaces/local/lib/python3.10/dist-packages:${PYTHONPATH} /usr/bin/python3 setup.py egg_info --egg-base ../../build/sensor_data build --build-base /home/jca54/Machina_Robotics_HW/ros2_ws/build/sensor_data/build install --record /home/jca54/Machina_Robotics_HW/ros2_ws/build/sensor_data/install.log --single-version-externally-managed
[10.791s] Level 1:colcon.colcon_core.environment:checking '/home/jca54/Machina_Robotics_HW/ros2_ws/install/sensor_data' for CMake module files
[10.793s] Level 1:colcon.colcon_core.environment:checking '/home/jca54/Machina_Robotics_HW/ros2_ws/install/sensor_data' for CMake config files
[10.796s] Level 1:colcon.colcon_core.environment:checking '/home/jca54/Machina_Robotics_HW/ros2_ws/install/sensor_data/lib'
[10.796s] Level 1:colcon.colcon_core.environment:checking '/home/jca54/Machina_Robotics_HW/ros2_ws/install/sensor_data/bin'
[10.796s] Level 1:colcon.colcon_core.environment:checking '/home/jca54/Machina_Robotics_HW/ros2_ws/install/sensor_data/lib/pkgconfig/sensor_data.pc'
[10.796s] Level 1:colcon.colcon_core.environment:checking '/home/jca54/Machina_Robotics_HW/ros2_ws/install/sensor_data/lib/python3.10/site-packages'
[10.797s] Level 1:colcon.colcon_core.shell:create_environment_hook('sensor_data', 'pythonpath')
[10.798s] INFO:colcon.colcon_core.shell:Creating environment hook '/home/jca54/Machina_Robotics_HW/ros2_ws/install/sensor_data/share/sensor_data/hook/pythonpath.ps1'
[10.799s] INFO:colcon.colcon_core.shell:Creating environment descriptor '/home/jca54/Machina_Robotics_HW/ros2_ws/install/sensor_data/share/sensor_data/hook/pythonpath.dsv'
[10.801s] INFO:colcon.colcon_core.shell:Creating environment hook '/home/jca54/Machina_Robotics_HW/ros2_ws/install/sensor_data/share/sensor_data/hook/pythonpath.sh'
[10.802s] Level 1:colcon.colcon_core.environment:checking '/home/jca54/Machina_Robotics_HW/ros2_ws/install/sensor_data/bin'
[10.803s] Level 1:colcon.colcon_core.environment:create_environment_scripts_only(sensor_data)
[10.804s] INFO:colcon.colcon_core.shell:Creating package script '/home/jca54/Machina_Robotics_HW/ros2_ws/install/sensor_data/share/sensor_data/package.ps1'
[10.816s] INFO:colcon.colcon_core.shell:Creating package descriptor '/home/jca54/Machina_Robotics_HW/ros2_ws/install/sensor_data/share/sensor_data/package.dsv'
[10.823s] INFO:colcon.colcon_core.shell:Creating package script '/home/jca54/Machina_Robotics_HW/ros2_ws/install/sensor_data/share/sensor_data/package.sh'
[10.835s] INFO:colcon.colcon_core.shell:Creating package script '/home/jca54/Machina_Robotics_HW/ros2_ws/install/sensor_data/share/sensor_data/package.bash'
[10.845s] INFO:colcon.colcon_core.shell:Creating package script '/home/jca54/Machina_Robotics_HW/ros2_ws/install/sensor_data/share/sensor_data/package.zsh'
[10.855s] Level 1:colcon.colcon_core.environment:create_file_with_runtime_dependencies(/home/jca54/Machina_Robotics_HW/ros2_ws/install/sensor_data/share/colcon-core/packages/sensor_data)
[10.857s] DEBUG:colcon.colcon_parallel_executor.executor.parallel:closing loop
[10.860s] DEBUG:colcon.colcon_parallel_executor.executor.parallel:loop closed
[10.860s] DEBUG:colcon.colcon_parallel_executor.executor.parallel:run_until_complete finished with '0'
[10.860s] DEBUG:colcon.colcon_core.event_reactor:joining thread
[11.106s] INFO:colcon.colcon_core.plugin_system:Skipping extension 'colcon_notification.desktop_notification.notify_send': Could not find 'notify-send'
[11.106s] INFO:colcon.colcon_core.plugin_system:Skipping extension 'colcon_notification.desktop_notification.terminal_notifier': Not used on non-Darwin systems
[11.107s] INFO:colcon.colcon_core.plugin_system:Skipping extension 'colcon_notification.desktop_notification.win32': Not used on non-Windows systems
[11.107s] INFO:colcon.colcon_notification.desktop_notification:Sending desktop notification using 'notify2'
[11.107s] DEBUG:colcon.colcon_notification.desktop_notification.notify2:Failed to initialize notify2: org.freedesktop.DBus.Error.NotSupported: Unable to autolaunch a dbus-daemon without a $DISPLAY for X11
[11.107s] DEBUG:colcon.colcon_core.event_reactor:joined thread
[11.108s] INFO:colcon.colcon_core.shell:Creating prefix script '/home/jca54/Machina_Robotics_HW/ros2_ws/install/local_setup.ps1'
[11.111s] INFO:colcon.colcon_core.shell:Creating prefix util module '/home/jca54/Machina_Robotics_HW/ros2_ws/install/_local_setup_util_ps1.py'
[11.123s] INFO:colcon.colcon_core.shell:Creating prefix chain script '/home/jca54/Machina_Robotics_HW/ros2_ws/install/setup.ps1'
[11.136s] INFO:colcon.colcon_core.shell:Creating prefix script '/home/jca54/Machina_Robotics_HW/ros2_ws/install/local_setup.sh'
[11.150s] INFO:colcon.colcon_core.shell:Creating prefix util module '/home/jca54/Machina_Robotics_HW/ros2_ws/install/_local_setup_util_sh.py'
[11.151s] INFO:colcon.colcon_core.shell:Creating prefix chain script '/home/jca54/Machina_Robotics_HW/ros2_ws/install/setup.sh'
[11.161s] INFO:colcon.colcon_core.shell:Creating prefix script '/home/jca54/Machina_Robotics_HW/ros2_ws/install/local_setup.bash'
[11.175s] INFO:colcon.colcon_core.shell:Creating prefix chain script '/home/jca54/Machina_Robotics_HW/ros2_ws/install/setup.bash'
[11.184s] INFO:colcon.colcon_core.shell:Creating prefix script '/home/jca54/Machina_Robotics_HW/ros2_ws/install/local_setup.zsh'
[11.196s] INFO:colcon.colcon_core.shell:Creating prefix chain script '/home/jca54/Machina_Robotics_HW/ros2_ws/install/setup.zsh'
