[0.246s] Invoking command in '/home/jca54/Machina_Robotics_HW/ros2_ws/build/custom_interfaces': CMAKE_PREFIX_PATH=/opt/ros/humble /usr/bin/cmake /home/jca54/Machina_Robotics_HW/ros2_ws/src/custom_interfaces -DCMAKE_INSTALL_PREFIX=/home/jca54/Machina_Robotics_HW/ros2_ws/install/custom_interfaces
[2.607s] -- The C compiler identification is GNU 11.3.0
[3.514s] -- The CXX compiler identification is GNU 11.3.0
[4.016s] -- Detecting C compiler ABI info
[4.716s] -- Detecting C compiler ABI info - done
[4.746s] -- Check for working C compiler: /usr/bin/cc - skipped
[4.761s] -- Detecting C compile features
[4.782s] -- Detecting C compile features - done
[4.869s] -- Detecting CXX compiler ABI info
[5.488s] -- Detecting CXX compiler ABI info - done
[5.520s] -- Check for working CXX compiler: /usr/bin/c++ - skipped
[5.521s] -- Detecting CXX compile features
[5.524s] -- Detecting CXX compile features - done
[5.592s] -- Found ament_cmake: 1.3.4 (/opt/ros/humble/share/ament_cmake/cmake)
[6.479s] -- Found Python3: /usr/bin/python3.10 (found version "3.10.6") found components: Interpreter 
[7.983s] -- Found rosidl_default_generators: 1.2.0 (/opt/ros/humble/share/rosidl_default_generators/cmake)
[8.063s] -- Using all available rosidl_typesupport_c: rosidl_typesupport_fastrtps_c;rosidl_typesupport_introspection_c
[8.205s] -- Found rosidl_adapter: 3.1.4 (/opt/ros/humble/share/rosidl_adapter/cmake)
[9.394s] -- Using all available rosidl_typesupport_cpp: rosidl_typesupport_fastrtps_cpp;rosidl_typesupport_introspection_cpp
[11.117s] -- Found ament_cmake_ros: 0.10.0 (/opt/ros/humble/share/ament_cmake_ros/cmake)
[12.103s] -- Using all available rosidl_typesupport_c: rosidl_typesupport_fastrtps_c;rosidl_typesupport_introspection_c
[13.024s] -- Using all available rosidl_typesupport_cpp: rosidl_typesupport_fastrtps_cpp;rosidl_typesupport_introspection_cpp
[13.176s] -- Found PythonInterp: /usr/bin/python3 (found suitable version "3.10.6", minimum required is "3.6") 
[13.198s] -- Found python_cmake_module: 0.10.0 (/opt/ros/humble/share/python_cmake_module/cmake)
[13.453s] -- Found PythonLibs: /usr/lib/x86_64-linux-gnu/libpython3.10.so (found suitable version "3.10.6", minimum required is "3.5") 
[13.453s] -- Using PYTHON_EXECUTABLE: /usr/bin/python3
[13.453s] -- Using PYTHON_INCLUDE_DIRS: /usr/include/python3.10
[13.453s] -- Using PYTHON_LIBRARIES: /usr/lib/x86_64-linux-gnu/libpython3.10.so
[13.523s] -- Found PythonExtra: .so  
[13.745s] -- Found ament_lint_auto: 0.12.6 (/opt/ros/humble/share/ament_lint_auto/cmake)
[14.718s] -- Added test 'lint_cmake' to check CMake code style
[14.785s] -- Added test 'xmllint' to check XML markup files
[14.886s] -- Configuring done
[15.583s] -- Generating done
[15.697s] -- Build files have been written to: /home/jca54/Machina_Robotics_HW/ros2_ws/build/custom_interfaces
[15.716s] Invoked command in '/home/jca54/Machina_Robotics_HW/ros2_ws/build/custom_interfaces' returned '0': CMAKE_PREFIX_PATH=/opt/ros/humble /usr/bin/cmake /home/jca54/Machina_Robotics_HW/ros2_ws/src/custom_interfaces -DCMAKE_INSTALL_PREFIX=/home/jca54/Machina_Robotics_HW/ros2_ws/install/custom_interfaces
[15.729s] Invoking command in '/home/jca54/Machina_Robotics_HW/ros2_ws/build/custom_interfaces': CMAKE_PREFIX_PATH=/opt/ros/humble /usr/bin/cmake --build /home/jca54/Machina_Robotics_HW/ros2_ws/build/custom_interfaces -- -j8 -l8
[16.068s] [  3%] [34m[1mGenerating C code for ROS interfaces[0m
[16.108s] [  6%] [34m[1mGenerating C++ code for ROS interfaces[0m
[16.136s] [  6%] Built target ament_cmake_python_copy_custom_interfaces
[16.846s] running egg_info
[16.847s] creating custom_interfaces.egg-info
[16.848s] writing custom_interfaces.egg-info/PKG-INFO
[16.849s] writing dependency_links to custom_interfaces.egg-info/dependency_links.txt
[16.850s] writing top-level names to custom_interfaces.egg-info/top_level.txt
[16.852s] writing manifest file 'custom_interfaces.egg-info/SOURCES.txt'
[16.865s] [  6%] Built target custom_interfaces__cpp
[16.874s] reading manifest file 'custom_interfaces.egg-info/SOURCES.txt'
[16.875s] writing manifest file 'custom_interfaces.egg-info/SOURCES.txt'
[16.937s] [  9%] [32mBuilding C object CMakeFiles/custom_interfaces__rosidl_generator_c.dir/rosidl_generator_c/custom_interfaces/srv/detail/sensor_data__functions.c.o[0m
[16.951s] [  9%] Built target ament_cmake_python_build_custom_interfaces_egg
[16.958s] [ 12%] [34m[1mGenerating C++ type support for eProsima Fast-RTPS[0m
[16.967s] [ 16%] [34m[1mGenerating C++ type support dispatch for ROS interfaces[0m
[16.970s] [ 19%] [34m[1mGenerating C++ introspection for ROS interfaces[0m
[17.503s] [ 22%] [32mBuilding CXX object CMakeFiles/custom_interfaces__rosidl_typesupport_cpp.dir/rosidl_typesupport_cpp/custom_interfaces/srv/sensor_data__type_support.cpp.o[0m
[17.554s] [ 25%] [32mBuilding CXX object CMakeFiles/custom_interfaces__rosidl_typesupport_fastrtps_cpp.dir/rosidl_typesupport_fastrtps_cpp/custom_interfaces/srv/detail/dds_fastrtps/sensor_data__type_support.cpp.o[0m
[17.571s] [ 29%] [32mBuilding CXX object CMakeFiles/custom_interfaces__rosidl_typesupport_introspection_cpp.dir/rosidl_typesupport_introspection_cpp/custom_interfaces/srv/detail/sensor_data__type_support.cpp.o[0m
[17.766s] [ 32%] [32m[1mLinking C shared library libcustom_interfaces__rosidl_generator_c.so[0m
[17.978s] [ 32%] Built target custom_interfaces__rosidl_generator_c
[18.078s] [ 35%] [34m[1mGenerating C type support for eProsima Fast-RTPS[0m
[18.081s] [ 38%] [34m[1mGenerating C introspection for ROS interfaces[0m
[18.083s] [ 41%] [34m[1mGenerating C type support dispatch for ROS interfaces[0m
[18.644s] [ 45%] [32mBuilding CXX object CMakeFiles/custom_interfaces__rosidl_typesupport_c.dir/rosidl_typesupport_c/custom_interfaces/srv/sensor_data__type_support.cpp.o[0m
[18.794s] [ 48%] [32mBuilding CXX object CMakeFiles/custom_interfaces__rosidl_typesupport_fastrtps_c.dir/rosidl_typesupport_fastrtps_c/custom_interfaces/srv/detail/sensor_data__type_support_c.cpp.o[0m
[18.825s] [ 51%] [32mBuilding C object CMakeFiles/custom_interfaces__rosidl_typesupport_introspection_c.dir/rosidl_typesupport_introspection_c/custom_interfaces/srv/detail/sensor_data__type_support.c.o[0m
[18.937s] [ 54%] [32m[1mLinking CXX shared library libcustom_interfaces__rosidl_typesupport_c.so[0m
[19.088s] [ 58%] [32m[1mLinking C shared library libcustom_interfaces__rosidl_typesupport_introspection_c.so[0m
[19.200s] [ 58%] Built target custom_interfaces__rosidl_typesupport_c
[19.276s] [ 61%] [32m[1mLinking CXX shared library libcustom_interfaces__rosidl_typesupport_cpp.so[0m
[19.333s] [ 61%] Built target custom_interfaces__rosidl_typesupport_introspection_c
[19.479s] [ 61%] Built target custom_interfaces__rosidl_typesupport_cpp
[19.624s] [ 64%] [32m[1mLinking CXX shared library libcustom_interfaces__rosidl_typesupport_introspection_cpp.so[0m
[19.860s] [ 64%] Built target custom_interfaces__rosidl_typesupport_introspection_cpp
[19.931s] [ 67%] [32m[1mLinking CXX shared library libcustom_interfaces__rosidl_typesupport_fastrtps_c.so[0m
[20.088s] [ 70%] [32m[1mLinking CXX shared library libcustom_interfaces__rosidl_typesupport_fastrtps_cpp.so[0m
[20.158s] [ 70%] Built target custom_interfaces__rosidl_typesupport_fastrtps_c
[20.303s] [ 70%] Built target custom_interfaces__rosidl_typesupport_fastrtps_cpp
[20.449s] [ 70%] Built target custom_interfaces
[20.631s] [ 74%] [34m[1mGenerating Python code for ROS interfaces[0m
[21.622s] [ 74%] Built target custom_interfaces__py
[21.814s] [ 77%] [32mBuilding C object CMakeFiles/custom_interfaces__rosidl_generator_py.dir/rosidl_generator_py/custom_interfaces/srv/_sensor_data_s.c.o[0m
[24.428s] [ 80%] [32m[1mLinking C shared library rosidl_generator_py/custom_interfaces/libcustom_interfaces__rosidl_generator_py.so[0m
[24.687s] [ 80%] Built target custom_interfaces__rosidl_generator_py
[24.865s] [ 83%] [32mBuilding C object CMakeFiles/custom_interfaces__rosidl_typesupport_introspection_c__pyext.dir/rosidl_generator_py/custom_interfaces/_custom_interfaces_s.ep.rosidl_typesupport_introspection_c.c.o[0m
[24.868s] [ 87%] [32mBuilding C object CMakeFiles/custom_interfaces__rosidl_typesupport_fastrtps_c__pyext.dir/rosidl_generator_py/custom_interfaces/_custom_interfaces_s.ep.rosidl_typesupport_fastrtps_c.c.o[0m
[24.871s] [ 90%] [32mBuilding C object CMakeFiles/custom_interfaces__rosidl_typesupport_c__pyext.dir/rosidl_generator_py/custom_interfaces/_custom_interfaces_s.ep.rosidl_typesupport_c.c.o[0m
[25.159s] [ 96%] [32m[1mLinking C shared library rosidl_generator_py/custom_interfaces/custom_interfaces_s__rosidl_typesupport_introspection_c.cpython-310-x86_64-linux-gnu.so[0m
[25.159s] [ 96%] [32m[1mLinking C shared library rosidl_generator_py/custom_interfaces/custom_interfaces_s__rosidl_typesupport_c.cpython-310-x86_64-linux-gnu.so[0m
[25.175s] [100%] [32m[1mLinking C shared library rosidl_generator_py/custom_interfaces/custom_interfaces_s__rosidl_typesupport_fastrtps_c.cpython-310-x86_64-linux-gnu.so[0m
[25.316s] [100%] Built target custom_interfaces__rosidl_typesupport_c__pyext
[25.323s] [100%] Built target custom_interfaces__rosidl_typesupport_introspection_c__pyext
[25.328s] [100%] Built target custom_interfaces__rosidl_typesupport_fastrtps_c__pyext
[25.366s] Invoked command in '/home/jca54/Machina_Robotics_HW/ros2_ws/build/custom_interfaces' returned '0': CMAKE_PREFIX_PATH=/opt/ros/humble /usr/bin/cmake --build /home/jca54/Machina_Robotics_HW/ros2_ws/build/custom_interfaces -- -j8 -l8
[26.261s] Invoking command in '/home/jca54/Machina_Robotics_HW/ros2_ws/build/custom_interfaces': CMAKE_PREFIX_PATH=/opt/ros/humble /usr/bin/cmake --install /home/jca54/Machina_Robotics_HW/ros2_ws/build/custom_interfaces
[26.303s] -- Install configuration: ""
[26.305s] -- Installing: /home/jca54/Machina_Robotics_HW/ros2_ws/install/custom_interfaces/share/ament_index/resource_index/rosidl_interfaces/custom_interfaces
[26.328s] -- Installing: /home/jca54/Machina_Robotics_HW/ros2_ws/install/custom_interfaces/include/custom_interfaces/custom_interfaces
[26.331s] -- Installing: /home/jca54/Machina_Robotics_HW/ros2_ws/install/custom_interfaces/include/custom_interfaces/custom_interfaces/msg
[26.333s] -- Installing: /home/jca54/Machina_Robotics_HW/ros2_ws/install/custom_interfaces/include/custom_interfaces/custom_interfaces/msg/rosidl_generator_c__visibility_control.h
[26.337s] -- Installing: /home/jca54/Machina_Robotics_HW/ros2_ws/install/custom_interfaces/include/custom_interfaces/custom_interfaces/srv
[26.338s] -- Installing: /home/jca54/Machina_Robotics_HW/ros2_ws/install/custom_interfaces/include/custom_interfaces/custom_interfaces/srv/detail
[26.339s] -- Installing: /home/jca54/Machina_Robotics_HW/ros2_ws/install/custom_interfaces/include/custom_interfaces/custom_interfaces/srv/detail/sensor_data__functions.c
[26.343s] -- Installing: /home/jca54/Machina_Robotics_HW/ros2_ws/install/custom_interfaces/include/custom_interfaces/custom_interfaces/srv/detail/sensor_data__functions.h
[26.348s] -- Installing: /home/jca54/Machina_Robotics_HW/ros2_ws/install/custom_interfaces/include/custom_interfaces/custom_interfaces/srv/detail/sensor_data__struct.h
[26.352s] -- Installing: /home/jca54/Machina_Robotics_HW/ros2_ws/install/custom_interfaces/include/custom_interfaces/custom_interfaces/srv/detail/sensor_data__type_support.h
[26.356s] -- Installing: /home/jca54/Machina_Robotics_HW/ros2_ws/install/custom_interfaces/include/custom_interfaces/custom_interfaces/srv/sensor_data.h
[26.359s] -- Installing: /home/jca54/Machina_Robotics_HW/ros2_ws/install/custom_interfaces/share/custom_interfaces/environment/library_path.sh
[26.362s] -- Installing: /home/jca54/Machina_Robotics_HW/ros2_ws/install/custom_interfaces/share/custom_interfaces/environment/library_path.dsv
[26.377s] -- Installing: /home/jca54/Machina_Robotics_HW/ros2_ws/install/custom_interfaces/lib/libcustom_interfaces__rosidl_generator_c.so
[26.393s] -- Set runtime path of "/home/jca54/Machina_Robotics_HW/ros2_ws/install/custom_interfaces/lib/libcustom_interfaces__rosidl_generator_c.so" to ""
[26.394s] -- Up-to-date: /home/jca54/Machina_Robotics_HW/ros2_ws/install/custom_interfaces/include/custom_interfaces/custom_interfaces
[26.394s] -- Up-to-date: /home/jca54/Machina_Robotics_HW/ros2_ws/install/custom_interfaces/include/custom_interfaces/custom_interfaces/msg
[26.395s] -- Installing: /home/jca54/Machina_Robotics_HW/ros2_ws/install/custom_interfaces/include/custom_interfaces/custom_interfaces/msg/rosidl_typesupport_fastrtps_c__visibility_control.h
[26.398s] -- Up-to-date: /home/jca54/Machina_Robotics_HW/ros2_ws/install/custom_interfaces/include/custom_interfaces/custom_interfaces/srv
[26.399s] -- Up-to-date: /home/jca54/Machina_Robotics_HW/ros2_ws/install/custom_interfaces/include/custom_interfaces/custom_interfaces/srv/detail
[26.399s] -- Installing: /home/jca54/Machina_Robotics_HW/ros2_ws/install/custom_interfaces/include/custom_interfaces/custom_interfaces/srv/detail/sensor_data__rosidl_typesupport_fastrtps_c.h
[26.404s] -- Installing: /home/jca54/Machina_Robotics_HW/ros2_ws/install/custom_interfaces/lib/libcustom_interfaces__rosidl_typesupport_fastrtps_c.so
[26.420s] -- Set runtime path of "/home/jca54/Machina_Robotics_HW/ros2_ws/install/custom_interfaces/lib/libcustom_interfaces__rosidl_typesupport_fastrtps_c.so" to ""
[26.421s] -- Up-to-date: /home/jca54/Machina_Robotics_HW/ros2_ws/install/custom_interfaces/include/custom_interfaces/custom_interfaces
[26.421s] -- Up-to-date: /home/jca54/Machina_Robotics_HW/ros2_ws/install/custom_interfaces/include/custom_interfaces/custom_interfaces/msg
[26.422s] -- Installing: /home/jca54/Machina_Robotics_HW/ros2_ws/install/custom_interfaces/include/custom_interfaces/custom_interfaces/msg/rosidl_typesupport_introspection_c__visibility_control.h
[26.426s] -- Up-to-date: /home/jca54/Machina_Robotics_HW/ros2_ws/install/custom_interfaces/include/custom_interfaces/custom_interfaces/srv
[26.426s] -- Up-to-date: /home/jca54/Machina_Robotics_HW/ros2_ws/install/custom_interfaces/include/custom_interfaces/custom_interfaces/srv/detail
[26.427s] -- Installing: /home/jca54/Machina_Robotics_HW/ros2_ws/install/custom_interfaces/include/custom_interfaces/custom_interfaces/srv/detail/sensor_data__rosidl_typesupport_introspection_c.h
[26.431s] -- Installing: /home/jca54/Machina_Robotics_HW/ros2_ws/install/custom_interfaces/include/custom_interfaces/custom_interfaces/srv/detail/sensor_data__type_support.c
[26.436s] -- Installing: /home/jca54/Machina_Robotics_HW/ros2_ws/install/custom_interfaces/lib/libcustom_interfaces__rosidl_typesupport_introspection_c.so
[26.452s] -- Set runtime path of "/home/jca54/Machina_Robotics_HW/ros2_ws/install/custom_interfaces/lib/libcustom_interfaces__rosidl_typesupport_introspection_c.so" to ""
[26.453s] -- Installing: /home/jca54/Machina_Robotics_HW/ros2_ws/install/custom_interfaces/lib/libcustom_interfaces__rosidl_typesupport_c.so
[26.469s] -- Set runtime path of "/home/jca54/Machina_Robotics_HW/ros2_ws/install/custom_interfaces/lib/libcustom_interfaces__rosidl_typesupport_c.so" to ""
[26.469s] -- Up-to-date: /home/jca54/Machina_Robotics_HW/ros2_ws/install/custom_interfaces/include/custom_interfaces/custom_interfaces
[26.469s] -- Up-to-date: /home/jca54/Machina_Robotics_HW/ros2_ws/install/custom_interfaces/include/custom_interfaces/custom_interfaces/srv
[26.470s] -- Up-to-date: /home/jca54/Machina_Robotics_HW/ros2_ws/install/custom_interfaces/include/custom_interfaces/custom_interfaces/srv/detail
[26.470s] -- Installing: /home/jca54/Machina_Robotics_HW/ros2_ws/install/custom_interfaces/include/custom_interfaces/custom_interfaces/srv/detail/sensor_data__builder.hpp
[26.487s] -- Installing: /home/jca54/Machina_Robotics_HW/ros2_ws/install/custom_interfaces/include/custom_interfaces/custom_interfaces/srv/detail/sensor_data__struct.hpp
[26.492s] -- Installing: /home/jca54/Machina_Robotics_HW/ros2_ws/install/custom_interfaces/include/custom_interfaces/custom_interfaces/srv/detail/sensor_data__traits.hpp
[26.525s] -- Installing: /home/jca54/Machina_Robotics_HW/ros2_ws/install/custom_interfaces/include/custom_interfaces/custom_interfaces/srv/sensor_data.hpp
[26.540s] -- Up-to-date: /home/jca54/Machina_Robotics_HW/ros2_ws/install/custom_interfaces/include/custom_interfaces/custom_interfaces
[26.541s] -- Up-to-date: /home/jca54/Machina_Robotics_HW/ros2_ws/install/custom_interfaces/include/custom_interfaces/custom_interfaces/msg
[26.541s] -- Installing: /home/jca54/Machina_Robotics_HW/ros2_ws/install/custom_interfaces/include/custom_interfaces/custom_interfaces/msg/rosidl_typesupport_fastrtps_cpp__visibility_control.h
[26.545s] -- Up-to-date: /home/jca54/Machina_Robotics_HW/ros2_ws/install/custom_interfaces/include/custom_interfaces/custom_interfaces/srv
[26.545s] -- Up-to-date: /home/jca54/Machina_Robotics_HW/ros2_ws/install/custom_interfaces/include/custom_interfaces/custom_interfaces/srv/detail
[26.546s] -- Installing: /home/jca54/Machina_Robotics_HW/ros2_ws/install/custom_interfaces/include/custom_interfaces/custom_interfaces/srv/detail/dds_fastrtps
[26.547s] -- Installing: /home/jca54/Machina_Robotics_HW/ros2_ws/install/custom_interfaces/include/custom_interfaces/custom_interfaces/srv/detail/sensor_data__rosidl_typesupport_fastrtps_cpp.hpp
[26.552s] -- Installing: /home/jca54/Machina_Robotics_HW/ros2_ws/install/custom_interfaces/lib/libcustom_interfaces__rosidl_typesupport_fastrtps_cpp.so
[26.580s] -- Set runtime path of "/home/jca54/Machina_Robotics_HW/ros2_ws/install/custom_interfaces/lib/libcustom_interfaces__rosidl_typesupport_fastrtps_cpp.so" to ""
[26.580s] -- Up-to-date: /home/jca54/Machina_Robotics_HW/ros2_ws/install/custom_interfaces/include/custom_interfaces/custom_interfaces
[26.581s] -- Up-to-date: /home/jca54/Machina_Robotics_HW/ros2_ws/install/custom_interfaces/include/custom_interfaces/custom_interfaces/srv
[26.581s] -- Up-to-date: /home/jca54/Machina_Robotics_HW/ros2_ws/install/custom_interfaces/include/custom_interfaces/custom_interfaces/srv/detail
[26.581s] -- Installing: /home/jca54/Machina_Robotics_HW/ros2_ws/install/custom_interfaces/include/custom_interfaces/custom_interfaces/srv/detail/sensor_data__rosidl_typesupport_introspection_cpp.hpp
[26.598s] -- Installing: /home/jca54/Machina_Robotics_HW/ros2_ws/install/custom_interfaces/include/custom_interfaces/custom_interfaces/srv/detail/sensor_data__type_support.cpp
[26.603s] -- Installing: /home/jca54/Machina_Robotics_HW/ros2_ws/install/custom_interfaces/lib/libcustom_interfaces__rosidl_typesupport_introspection_cpp.so
[26.638s] -- Set runtime path of "/home/jca54/Machina_Robotics_HW/ros2_ws/install/custom_interfaces/lib/libcustom_interfaces__rosidl_typesupport_introspection_cpp.so" to ""
[26.638s] -- Installing: /home/jca54/Machina_Robotics_HW/ros2_ws/install/custom_interfaces/lib/libcustom_interfaces__rosidl_typesupport_cpp.so
[26.664s] -- Set runtime path of "/home/jca54/Machina_Robotics_HW/ros2_ws/install/custom_interfaces/lib/libcustom_interfaces__rosidl_typesupport_cpp.so" to ""
[26.665s] -- Installing: /home/jca54/Machina_Robotics_HW/ros2_ws/install/custom_interfaces/share/custom_interfaces/environment/pythonpath.sh
[26.668s] -- Installing: /home/jca54/Machina_Robotics_HW/ros2_ws/install/custom_interfaces/share/custom_interfaces/environment/pythonpath.dsv
[26.679s] -- Installing: /home/jca54/Machina_Robotics_HW/ros2_ws/install/custom_interfaces/local/lib/python3.10/dist-packages/custom_interfaces-0.0.0-py3.10.egg-info
[26.682s] -- Installing: /home/jca54/Machina_Robotics_HW/ros2_ws/install/custom_interfaces/local/lib/python3.10/dist-packages/custom_interfaces-0.0.0-py3.10.egg-info/dependency_links.txt
[26.686s] -- Installing: /home/jca54/Machina_Robotics_HW/ros2_ws/install/custom_interfaces/local/lib/python3.10/dist-packages/custom_interfaces-0.0.0-py3.10.egg-info/PKG-INFO
[26.703s] -- Installing: /home/jca54/Machina_Robotics_HW/ros2_ws/install/custom_interfaces/local/lib/python3.10/dist-packages/custom_interfaces-0.0.0-py3.10.egg-info/SOURCES.txt
[26.718s] -- Installing: /home/jca54/Machina_Robotics_HW/ros2_ws/install/custom_interfaces/local/lib/python3.10/dist-packages/custom_interfaces-0.0.0-py3.10.egg-info/top_level.txt
[26.728s] -- Installing: /home/jca54/Machina_Robotics_HW/ros2_ws/install/custom_interfaces/local/lib/python3.10/dist-packages/custom_interfaces
[26.729s] -- Installing: /home/jca54/Machina_Robotics_HW/ros2_ws/install/custom_interfaces/local/lib/python3.10/dist-packages/custom_interfaces/custom_interfaces_s__rosidl_typesupport_c.cpython-310-x86_64-linux-gnu.so
[26.740s] -- Installing: /home/jca54/Machina_Robotics_HW/ros2_ws/install/custom_interfaces/local/lib/python3.10/dist-packages/custom_interfaces/custom_interfaces_s__rosidl_typesupport_fastrtps_c.cpython-310-x86_64-linux-gnu.so
[26.756s] -- Installing: /home/jca54/Machina_Robotics_HW/ros2_ws/install/custom_interfaces/local/lib/python3.10/dist-packages/custom_interfaces/custom_interfaces_s__rosidl_typesupport_introspection_c.cpython-310-x86_64-linux-gnu.so
[26.773s] -- Installing: /home/jca54/Machina_Robotics_HW/ros2_ws/install/custom_interfaces/local/lib/python3.10/dist-packages/custom_interfaces/libcustom_interfaces__rosidl_generator_py.so
[26.778s] -- Installing: /home/jca54/Machina_Robotics_HW/ros2_ws/install/custom_interfaces/local/lib/python3.10/dist-packages/custom_interfaces/srv
[26.779s] -- Installing: /home/jca54/Machina_Robotics_HW/ros2_ws/install/custom_interfaces/local/lib/python3.10/dist-packages/custom_interfaces/srv/_sensor_data.py
[26.804s] -- Installing: /home/jca54/Machina_Robotics_HW/ros2_ws/install/custom_interfaces/local/lib/python3.10/dist-packages/custom_interfaces/srv/_sensor_data_s.c
[26.807s] -- Installing: /home/jca54/Machina_Robotics_HW/ros2_ws/install/custom_interfaces/local/lib/python3.10/dist-packages/custom_interfaces/srv/__init__.py
[26.823s] -- Installing: /home/jca54/Machina_Robotics_HW/ros2_ws/install/custom_interfaces/local/lib/python3.10/dist-packages/custom_interfaces/_custom_interfaces_s.ep.rosidl_typesupport_c.c
[26.826s] -- Installing: /home/jca54/Machina_Robotics_HW/ros2_ws/install/custom_interfaces/local/lib/python3.10/dist-packages/custom_interfaces/_custom_interfaces_s.ep.rosidl_typesupport_fastrtps_c.c
[26.830s] -- Installing: /home/jca54/Machina_Robotics_HW/ros2_ws/install/custom_interfaces/local/lib/python3.10/dist-packages/custom_interfaces/_custom_interfaces_s.ep.rosidl_typesupport_introspection_c.c
[26.834s] -- Installing: /home/jca54/Machina_Robotics_HW/ros2_ws/install/custom_interfaces/local/lib/python3.10/dist-packages/custom_interfaces/__init__.py
[26.999s] Listing '/home/jca54/Machina_Robotics_HW/ros2_ws/install/custom_interfaces/local/lib/python3.10/dist-packages/custom_interfaces'...
[27.000s] Compiling '/home/jca54/Machina_Robotics_HW/ros2_ws/install/custom_interfaces/local/lib/python3.10/dist-packages/custom_interfaces/__init__.py'...
[27.000s] Listing '/home/jca54/Machina_Robotics_HW/ros2_ws/install/custom_interfaces/local/lib/python3.10/dist-packages/custom_interfaces/srv'...
[27.000s] Compiling '/home/jca54/Machina_Robotics_HW/ros2_ws/install/custom_interfaces/local/lib/python3.10/dist-packages/custom_interfaces/srv/__init__.py'...
[27.000s] Compiling '/home/jca54/Machina_Robotics_HW/ros2_ws/install/custom_interfaces/local/lib/python3.10/dist-packages/custom_interfaces/srv/_sensor_data.py'...
[27.025s] -- Installing: /home/jca54/Machina_Robotics_HW/ros2_ws/install/custom_interfaces/local/lib/python3.10/dist-packages/custom_interfaces/custom_interfaces_s__rosidl_typesupport_fastrtps_c.cpython-310-x86_64-linux-gnu.so
[27.044s] -- Set runtime path of "/home/jca54/Machina_Robotics_HW/ros2_ws/install/custom_interfaces/local/lib/python3.10/dist-packages/custom_interfaces/custom_interfaces_s__rosidl_typesupport_fastrtps_c.cpython-310-x86_64-linux-gnu.so" to ""
[27.056s] -- Installing: /home/jca54/Machina_Robotics_HW/ros2_ws/install/custom_interfaces/local/lib/python3.10/dist-packages/custom_interfaces/custom_interfaces_s__rosidl_typesupport_introspection_c.cpython-310-x86_64-linux-gnu.so
[27.072s] -- Set runtime path of "/home/jca54/Machina_Robotics_HW/ros2_ws/install/custom_interfaces/local/lib/python3.10/dist-packages/custom_interfaces/custom_interfaces_s__rosidl_typesupport_introspection_c.cpython-310-x86_64-linux-gnu.so" to ""
[27.085s] -- Installing: /home/jca54/Machina_Robotics_HW/ros2_ws/install/custom_interfaces/local/lib/python3.10/dist-packages/custom_interfaces/custom_interfaces_s__rosidl_typesupport_c.cpython-310-x86_64-linux-gnu.so
[27.102s] -- Set runtime path of "/home/jca54/Machina_Robotics_HW/ros2_ws/install/custom_interfaces/local/lib/python3.10/dist-packages/custom_interfaces/custom_interfaces_s__rosidl_typesupport_c.cpython-310-x86_64-linux-gnu.so" to ""
[27.102s] -- Installing: /home/jca54/Machina_Robotics_HW/ros2_ws/install/custom_interfaces/lib/libcustom_interfaces__rosidl_generator_py.so
[27.120s] -- Set runtime path of "/home/jca54/Machina_Robotics_HW/ros2_ws/install/custom_interfaces/lib/libcustom_interfaces__rosidl_generator_py.so" to ""
[27.122s] -- Installing: /home/jca54/Machina_Robotics_HW/ros2_ws/install/custom_interfaces/share/custom_interfaces/srv/SensorData.idl
[27.126s] -- Installing: /home/jca54/Machina_Robotics_HW/ros2_ws/install/custom_interfaces/share/custom_interfaces/srv/SensorData.srv
[27.131s] -- Installing: /home/jca54/Machina_Robotics_HW/ros2_ws/install/custom_interfaces/share/custom_interfaces/srv/SensorData_Request.msg
[27.146s] -- Installing: /home/jca54/Machina_Robotics_HW/ros2_ws/install/custom_interfaces/share/custom_interfaces/srv/SensorData_Response.msg
[27.160s] -- Installing: /home/jca54/Machina_Robotics_HW/ros2_ws/install/custom_interfaces/share/ament_index/resource_index/package_run_dependencies/custom_interfaces
[27.176s] -- Installing: /home/jca54/Machina_Robotics_HW/ros2_ws/install/custom_interfaces/share/ament_index/resource_index/parent_prefix_path/custom_interfaces
[27.191s] -- Installing: /home/jca54/Machina_Robotics_HW/ros2_ws/install/custom_interfaces/share/custom_interfaces/environment/ament_prefix_path.sh
[27.195s] -- Installing: /home/jca54/Machina_Robotics_HW/ros2_ws/install/custom_interfaces/share/custom_interfaces/environment/ament_prefix_path.dsv
[27.210s] -- Installing: /home/jca54/Machina_Robotics_HW/ros2_ws/install/custom_interfaces/share/custom_interfaces/environment/path.sh
[27.214s] -- Installing: /home/jca54/Machina_Robotics_HW/ros2_ws/install/custom_interfaces/share/custom_interfaces/environment/path.dsv
[27.230s] -- Installing: /home/jca54/Machina_Robotics_HW/ros2_ws/install/custom_interfaces/share/custom_interfaces/local_setup.bash
[27.247s] -- Installing: /home/jca54/Machina_Robotics_HW/ros2_ws/install/custom_interfaces/share/custom_interfaces/local_setup.sh
[27.269s] -- Installing: /home/jca54/Machina_Robotics_HW/ros2_ws/install/custom_interfaces/share/custom_interfaces/local_setup.zsh
[27.288s] -- Installing: /home/jca54/Machina_Robotics_HW/ros2_ws/install/custom_interfaces/share/custom_interfaces/local_setup.dsv
[27.304s] -- Installing: /home/jca54/Machina_Robotics_HW/ros2_ws/install/custom_interfaces/share/custom_interfaces/package.dsv
[27.320s] -- Installing: /home/jca54/Machina_Robotics_HW/ros2_ws/install/custom_interfaces/share/ament_index/resource_index/packages/custom_interfaces
[27.325s] -- Installing: /home/jca54/Machina_Robotics_HW/ros2_ws/install/custom_interfaces/share/custom_interfaces/cmake/export_custom_interfaces__rosidl_generator_cExport.cmake
[27.344s] -- Installing: /home/jca54/Machina_Robotics_HW/ros2_ws/install/custom_interfaces/share/custom_interfaces/cmake/export_custom_interfaces__rosidl_generator_cExport-noconfig.cmake
[27.362s] -- Installing: /home/jca54/Machina_Robotics_HW/ros2_ws/install/custom_interfaces/share/custom_interfaces/cmake/export_custom_interfaces__rosidl_typesupport_fastrtps_cExport.cmake
[27.382s] -- Installing: /home/jca54/Machina_Robotics_HW/ros2_ws/install/custom_interfaces/share/custom_interfaces/cmake/export_custom_interfaces__rosidl_typesupport_fastrtps_cExport-noconfig.cmake
[27.399s] -- Installing: /home/jca54/Machina_Robotics_HW/ros2_ws/install/custom_interfaces/share/custom_interfaces/cmake/custom_interfaces__rosidl_typesupport_introspection_cExport.cmake
[27.419s] -- Installing: /home/jca54/Machina_Robotics_HW/ros2_ws/install/custom_interfaces/share/custom_interfaces/cmake/custom_interfaces__rosidl_typesupport_introspection_cExport-noconfig.cmake
[27.436s] -- Installing: /home/jca54/Machina_Robotics_HW/ros2_ws/install/custom_interfaces/share/custom_interfaces/cmake/custom_interfaces__rosidl_typesupport_cExport.cmake
[27.455s] -- Installing: /home/jca54/Machina_Robotics_HW/ros2_ws/install/custom_interfaces/share/custom_interfaces/cmake/custom_interfaces__rosidl_typesupport_cExport-noconfig.cmake
[27.473s] -- Installing: /home/jca54/Machina_Robotics_HW/ros2_ws/install/custom_interfaces/share/custom_interfaces/cmake/export_custom_interfaces__rosidl_generator_cppExport.cmake
[27.492s] -- Installing: /home/jca54/Machina_Robotics_HW/ros2_ws/install/custom_interfaces/share/custom_interfaces/cmake/export_custom_interfaces__rosidl_typesupport_fastrtps_cppExport.cmake
[27.511s] -- Installing: /home/jca54/Machina_Robotics_HW/ros2_ws/install/custom_interfaces/share/custom_interfaces/cmake/export_custom_interfaces__rosidl_typesupport_fastrtps_cppExport-noconfig.cmake
[27.528s] -- Installing: /home/jca54/Machina_Robotics_HW/ros2_ws/install/custom_interfaces/share/custom_interfaces/cmake/custom_interfaces__rosidl_typesupport_introspection_cppExport.cmake
[27.547s] -- Installing: /home/jca54/Machina_Robotics_HW/ros2_ws/install/custom_interfaces/share/custom_interfaces/cmake/custom_interfaces__rosidl_typesupport_introspection_cppExport-noconfig.cmake
[27.565s] -- Installing: /home/jca54/Machina_Robotics_HW/ros2_ws/install/custom_interfaces/share/custom_interfaces/cmake/custom_interfaces__rosidl_typesupport_cppExport.cmake
[27.584s] -- Installing: /home/jca54/Machina_Robotics_HW/ros2_ws/install/custom_interfaces/share/custom_interfaces/cmake/custom_interfaces__rosidl_typesupport_cppExport-noconfig.cmake
[27.601s] -- Installing: /home/jca54/Machina_Robotics_HW/ros2_ws/install/custom_interfaces/share/custom_interfaces/cmake/export_custom_interfaces__rosidl_generator_pyExport.cmake
[27.620s] -- Installing: /home/jca54/Machina_Robotics_HW/ros2_ws/install/custom_interfaces/share/custom_interfaces/cmake/export_custom_interfaces__rosidl_generator_pyExport-noconfig.cmake
[27.637s] -- Installing: /home/jca54/Machina_Robotics_HW/ros2_ws/install/custom_interfaces/share/custom_interfaces/cmake/rosidl_cmake-extras.cmake
[27.641s] -- Installing: /home/jca54/Machina_Robotics_HW/ros2_ws/install/custom_interfaces/share/custom_interfaces/cmake/ament_cmake_export_include_directories-extras.cmake
[27.645s] -- Installing: /home/jca54/Machina_Robotics_HW/ros2_ws/install/custom_interfaces/share/custom_interfaces/cmake/ament_cmake_export_libraries-extras.cmake
[27.650s] -- Installing: /home/jca54/Machina_Robotics_HW/ros2_ws/install/custom_interfaces/share/custom_interfaces/cmake/ament_cmake_export_targets-extras.cmake
[27.654s] -- Installing: /home/jca54/Machina_Robotics_HW/ros2_ws/install/custom_interfaces/share/custom_interfaces/cmake/rosidl_cmake_export_typesupport_targets-extras.cmake
[27.658s] -- Installing: /home/jca54/Machina_Robotics_HW/ros2_ws/install/custom_interfaces/share/custom_interfaces/cmake/ament_cmake_export_dependencies-extras.cmake
[27.662s] -- Installing: /home/jca54/Machina_Robotics_HW/ros2_ws/install/custom_interfaces/share/custom_interfaces/cmake/rosidl_cmake_export_typesupport_libraries-extras.cmake
[27.667s] -- Installing: /home/jca54/Machina_Robotics_HW/ros2_ws/install/custom_interfaces/share/custom_interfaces/cmake/custom_interfacesConfig.cmake
[27.683s] -- Installing: /home/jca54/Machina_Robotics_HW/ros2_ws/install/custom_interfaces/share/custom_interfaces/cmake/custom_interfacesConfig-version.cmake
[27.689s] -- Installing: /home/jca54/Machina_Robotics_HW/ros2_ws/install/custom_interfaces/share/custom_interfaces/package.xml
[27.717s] Invoked command in '/home/jca54/Machina_Robotics_HW/ros2_ws/build/custom_interfaces' returned '0': CMAKE_PREFIX_PATH=/opt/ros/humble /usr/bin/cmake --install /home/jca54/Machina_Robotics_HW/ros2_ws/build/custom_interfaces
