running egg_info
creating ../../build/sensor_data/sensor_data.egg-info
writing ../../build/sensor_data/sensor_data.egg-info/PKG-INFO
writing dependency_links to ../../build/sensor_data/sensor_data.egg-info/dependency_links.txt
writing entry points to ../../build/sensor_data/sensor_data.egg-info/entry_points.txt
writing requirements to ../../build/sensor_data/sensor_data.egg-info/requires.txt
writing top-level names to ../../build/sensor_data/sensor_data.egg-info/top_level.txt
writing manifest file '../../build/sensor_data/sensor_data.egg-info/SOURCES.txt'
reading manifest file '../../build/sensor_data/sensor_data.egg-info/SOURCES.txt'
writing manifest file '../../build/sensor_data/sensor_data.egg-info/SOURCES.txt'
running build
running build_py
creating /home/jca54/Machina_Robotics_HW/ros2_ws/build/sensor_data/build
creating /home/jca54/Machina_Robotics_HW/ros2_ws/build/sensor_data/build/lib
creating /home/jca54/Machina_Robotics_HW/ros2_ws/build/sensor_data/build/lib/sensor_data
copying sensor_data/sensor_client.py -> /home/jca54/Machina_Robotics_HW/ros2_ws/build/sensor_data/build/lib/sensor_data
copying sensor_data/sensor_service.py -> /home/jca54/Machina_Robotics_HW/ros2_ws/build/sensor_data/build/lib/sensor_data
copying sensor_data/__init__.py -> /home/jca54/Machina_Robotics_HW/ros2_ws/build/sensor_data/build/lib/sensor_data
running install
/usr/lib/python3/dist-packages/setuptools/command/install.py:34: SetuptoolsDeprecationWarning: setup.py install is deprecated. Use build and pip and other standards-based tools.
  warnings.warn(
running install_lib
creating /home/jca54/Machina_Robotics_HW/ros2_ws/install/sensor_data/lib/python3.10/site-packages/sensor_data
copying /home/jca54/Machina_Robotics_HW/ros2_ws/build/sensor_data/build/lib/sensor_data/sensor_client.py -> /home/jca54/Machina_Robotics_HW/ros2_ws/install/sensor_data/lib/python3.10/site-packages/sensor_data
copying /home/jca54/Machina_Robotics_HW/ros2_ws/build/sensor_data/build/lib/sensor_data/sensor_service.py -> /home/jca54/Machina_Robotics_HW/ros2_ws/install/sensor_data/lib/python3.10/site-packages/sensor_data
copying /home/jca54/Machina_Robotics_HW/ros2_ws/build/sensor_data/build/lib/sensor_data/__init__.py -> /home/jca54/Machina_Robotics_HW/ros2_ws/install/sensor_data/lib/python3.10/site-packages/sensor_data
byte-compiling /home/jca54/Machina_Robotics_HW/ros2_ws/install/sensor_data/lib/python3.10/site-packages/sensor_data/sensor_client.py to sensor_client.cpython-310.pyc
byte-compiling /home/jca54/Machina_Robotics_HW/ros2_ws/install/sensor_data/lib/python3.10/site-packages/sensor_data/sensor_service.py to sensor_service.cpython-310.pyc
byte-compiling /home/jca54/Machina_Robotics_HW/ros2_ws/install/sensor_data/lib/python3.10/site-packages/sensor_data/__init__.py to __init__.cpython-310.pyc
running install_data
creating /home/jca54/Machina_Robotics_HW/ros2_ws/install/sensor_data/share/ament_index
creating /home/jca54/Machina_Robotics_HW/ros2_ws/install/sensor_data/share/ament_index/resource_index
creating /home/jca54/Machina_Robotics_HW/ros2_ws/install/sensor_data/share/ament_index/resource_index/packages
copying resource/sensor_data -> /home/jca54/Machina_Robotics_HW/ros2_ws/install/sensor_data/share/ament_index/resource_index/packages
copying package.xml -> /home/jca54/Machina_Robotics_HW/ros2_ws/install/sensor_data/share/sensor_data
running install_egg_info
Copying ../../build/sensor_data/sensor_data.egg-info to /home/jca54/Machina_Robotics_HW/ros2_ws/install/sensor_data/lib/python3.10/site-packages/sensor_data-0.0.0-py3.10.egg-info
running install_scripts
Installing client script to /home/jca54/Machina_Robotics_HW/ros2_ws/install/sensor_data/lib/sensor_data
Installing service script to /home/jca54/Machina_Robotics_HW/ros2_ws/install/sensor_data/lib/sensor_data
writing list of installed files to '/home/jca54/Machina_Robotics_HW/ros2_ws/build/sensor_data/install.log'
