[2.624s] Invoking command in '/home/jca54/Machina_Robotics_HW/ros2_ws/src/sensor_data': PYTHONPATH=/home/jca54/Machina_Robotics_HW/ros2_ws/build/sensor_data/prefix_override:/home/jca54/Machina_Robotics_HW/ros2_ws/install/sensor_data/lib/python3.10/site-packages:${PYTHONPATH} /usr/bin/python3 setup.py egg_info --egg-base ../../build/sensor_data build --build-base /home/jca54/Machina_Robotics_HW/ros2_ws/build/sensor_data/build install --record /home/jca54/Machina_Robotics_HW/ros2_ws/build/sensor_data/install.log --single-version-externally-managed
[3.121s] running egg_info
[3.121s] creating ../../build/sensor_data/sensor_data.egg-info
[3.122s] writing ../../build/sensor_data/sensor_data.egg-info/PKG-INFO
[3.124s] writing dependency_links to ../../build/sensor_data/sensor_data.egg-info/dependency_links.txt
[3.124s] writing entry points to ../../build/sensor_data/sensor_data.egg-info/entry_points.txt
[3.125s] writing requirements to ../../build/sensor_data/sensor_data.egg-info/requires.txt
[3.127s] writing top-level names to ../../build/sensor_data/sensor_data.egg-info/top_level.txt
[3.128s] writing manifest file '../../build/sensor_data/sensor_data.egg-info/SOURCES.txt'
[3.132s] reading manifest file '../../build/sensor_data/sensor_data.egg-info/SOURCES.txt'
[3.133s] writing manifest file '../../build/sensor_data/sensor_data.egg-info/SOURCES.txt'
[3.134s] running build
[3.134s] running build_py
[3.134s] creating /home/jca54/Machina_Robotics_HW/ros2_ws/build/sensor_data/build
[3.134s] creating /home/jca54/Machina_Robotics_HW/ros2_ws/build/sensor_data/build/lib
[3.134s] creating /home/jca54/Machina_Robotics_HW/ros2_ws/build/sensor_data/build/lib/sensor_data
[3.135s] copying sensor_data/sensor_client.py -> /home/jca54/Machina_Robotics_HW/ros2_ws/build/sensor_data/build/lib/sensor_data
[3.153s] copying sensor_data/sensor_service.py -> /home/jca54/Machina_Robotics_HW/ros2_ws/build/sensor_data/build/lib/sensor_data
[3.169s] copying sensor_data/__init__.py -> /home/jca54/Machina_Robotics_HW/ros2_ws/build/sensor_data/build/lib/sensor_data
[3.170s] running install
[3.194s] /usr/lib/python3/dist-packages/setuptools/command/install.py:34: SetuptoolsDeprecationWarning: setup.py install is deprecated. Use build and pip and other standards-based tools.
[3.194s]   warnings.warn(
[3.195s] running install_lib
[3.198s] creating /home/jca54/Machina_Robotics_HW/ros2_ws/install/sensor_data/lib/python3.10/site-packages/sensor_data
[3.199s] copying /home/jca54/Machina_Robotics_HW/ros2_ws/build/sensor_data/build/lib/sensor_data/sensor_client.py -> /home/jca54/Machina_Robotics_HW/ros2_ws/install/sensor_data/lib/python3.10/site-packages/sensor_data
[3.203s] copying /home/jca54/Machina_Robotics_HW/ros2_ws/build/sensor_data/build/lib/sensor_data/sensor_service.py -> /home/jca54/Machina_Robotics_HW/ros2_ws/install/sensor_data/lib/python3.10/site-packages/sensor_data
[3.208s] copying /home/jca54/Machina_Robotics_HW/ros2_ws/build/sensor_data/build/lib/sensor_data/__init__.py -> /home/jca54/Machina_Robotics_HW/ros2_ws/install/sensor_data/lib/python3.10/site-packages/sensor_data
[3.212s] byte-compiling /home/jca54/Machina_Robotics_HW/ros2_ws/install/sensor_data/lib/python3.10/site-packages/sensor_data/sensor_client.py to sensor_client.cpython-310.pyc
[3.219s] byte-compiling /home/jca54/Machina_Robotics_HW/ros2_ws/install/sensor_data/lib/python3.10/site-packages/sensor_data/sensor_service.py to sensor_service.cpython-310.pyc
[3.225s] byte-compiling /home/jca54/Machina_Robotics_HW/ros2_ws/install/sensor_data/lib/python3.10/site-packages/sensor_data/__init__.py to __init__.cpython-310.pyc
[3.228s] running install_data
[3.230s] creating /home/jca54/Machina_Robotics_HW/ros2_ws/install/sensor_data/share/ament_index
[3.231s] creating /home/jca54/Machina_Robotics_HW/ros2_ws/install/sensor_data/share/ament_index/resource_index
[3.231s] creating /home/jca54/Machina_Robotics_HW/ros2_ws/install/sensor_data/share/ament_index/resource_index/packages
[3.232s] copying resource/sensor_data -> /home/jca54/Machina_Robotics_HW/ros2_ws/install/sensor_data/share/ament_index/resource_index/packages
[3.234s] copying package.xml -> /home/jca54/Machina_Robotics_HW/ros2_ws/install/sensor_data/share/sensor_data
[3.237s] running install_egg_info
[3.242s] Copying ../../build/sensor_data/sensor_data.egg-info to /home/jca54/Machina_Robotics_HW/ros2_ws/install/sensor_data/lib/python3.10/site-packages/sensor_data-0.0.0-py3.10.egg-info
[3.319s] running install_scripts
[3.357s] Installing client script to /home/jca54/Machina_Robotics_HW/ros2_ws/install/sensor_data/lib/sensor_data
[3.358s] Installing service script to /home/jca54/Machina_Robotics_HW/ros2_ws/install/sensor_data/lib/sensor_data
[3.360s] writing list of installed files to '/home/jca54/Machina_Robotics_HW/ros2_ws/build/sensor_data/install.log'
[3.397s] Invoked command in '/home/jca54/Machina_Robotics_HW/ros2_ws/src/sensor_data' returned '0': PYTHONPATH=/home/jca54/Machina_Robotics_HW/ros2_ws/build/sensor_data/prefix_override:/home/jca54/Machina_Robotics_HW/ros2_ws/install/sensor_data/lib/python3.10/site-packages:${PYTHONPATH} /usr/bin/python3 setup.py egg_info --egg-base ../../build/sensor_data build --build-base /home/jca54/Machina_Robotics_HW/ros2_ws/build/sensor_data/build install --record /home/jca54/Machina_Robotics_HW/ros2_ws/build/sensor_data/install.log --single-version-externally-managed
