[1.070s] Invoking command in '/home/jca54/Machina_Robotics_HW/ros2_ws/src/sensor_data': AMENT_PREFIX_PATH=/home/jca54/Machina_Robotics_HW/ros2_ws/install/custom_interfaces:${AMENT_PREFIX_PATH} CMAKE_PREFIX_PATH=/home/jca54/Machina_Robotics_HW/ros2_ws/install/custom_interfaces LD_LIBRARY_PATH=/home/jca54/Machina_Robotics_HW/ros2_ws/install/custom_interfaces/lib:${LD_LIBRARY_PATH} PYTHONPATH=/home/jca54/Machina_Robotics_HW/ros2_ws/build/sensor_data/prefix_override:/home/jca54/Machina_Robotics_HW/ros2_ws/install/sensor_data/lib/python3.10/site-packages:/home/jca54/Machina_Robotics_HW/ros2_ws/install/custom_interfaces/local/lib/python3.10/dist-packages:${PYTHONPATH} /usr/bin/python3 setup.py egg_info --egg-base ../../build/sensor_data build --build-base /home/jca54/Machina_Robotics_HW/ros2_ws/build/sensor_data/build install --record /home/jca54/Machina_Robotics_HW/ros2_ws/build/sensor_data/install.log --single-version-externally-managed
[20.113s] running egg_info
[20.114s] writing ../../build/sensor_data/sensor_data.egg-info/PKG-INFO
[20.115s] writing dependency_links to ../../build/sensor_data/sensor_data.egg-info/dependency_links.txt
[20.116s] writing entry points to ../../build/sensor_data/sensor_data.egg-info/entry_points.txt
[20.116s] writing requirements to ../../build/sensor_data/sensor_data.egg-info/requires.txt
[20.116s] writing top-level names to ../../build/sensor_data/sensor_data.egg-info/top_level.txt
[20.125s] reading manifest file '../../build/sensor_data/sensor_data.egg-info/SOURCES.txt'
[20.126s] writing manifest file '../../build/sensor_data/sensor_data.egg-info/SOURCES.txt'
[20.126s] running build
[20.127s] running build_py
[20.128s] copying sensor_data/sensor_client.py -> /home/jca54/Machina_Robotics_HW/ros2_ws/build/sensor_data/build/lib/sensor_data
[20.128s] running install
[20.128s] /usr/lib/python3/dist-packages/setuptools/command/install.py:34: SetuptoolsDeprecationWarning: setup.py install is deprecated. Use build and pip and other standards-based tools.
[20.129s]   warnings.warn(
[20.129s] running install_lib
[20.129s] copying /home/jca54/Machina_Robotics_HW/ros2_ws/build/sensor_data/build/lib/sensor_data/sensor_client.py -> /home/jca54/Machina_Robotics_HW/ros2_ws/install/sensor_data/lib/python3.10/site-packages/sensor_data
[20.130s] byte-compiling /home/jca54/Machina_Robotics_HW/ros2_ws/install/sensor_data/lib/python3.10/site-packages/sensor_data/sensor_client.py to sensor_client.cpython-310.pyc
[20.130s] running install_data
[20.130s] running install_egg_info
[20.131s] removing '/home/jca54/Machina_Robotics_HW/ros2_ws/install/sensor_data/lib/python3.10/site-packages/sensor_data-0.0.0-py3.10.egg-info' (and everything under it)
[20.131s] Copying ../../build/sensor_data/sensor_data.egg-info to /home/jca54/Machina_Robotics_HW/ros2_ws/install/sensor_data/lib/python3.10/site-packages/sensor_data-0.0.0-py3.10.egg-info
[20.131s] running install_scripts
[20.132s] Installing client script to /home/jca54/Machina_Robotics_HW/ros2_ws/install/sensor_data/lib/sensor_data
[20.132s] Installing service script to /home/jca54/Machina_Robotics_HW/ros2_ws/install/sensor_data/lib/sensor_data
[20.132s] writing list of installed files to '/home/jca54/Machina_Robotics_HW/ros2_ws/build/sensor_data/install.log'
[20.133s] Invoked command in '/home/jca54/Machina_Robotics_HW/ros2_ws/src/sensor_data' returned '0': AMENT_PREFIX_PATH=/home/jca54/Machina_Robotics_HW/ros2_ws/install/custom_interfaces:${AMENT_PREFIX_PATH} CMAKE_PREFIX_PATH=/home/jca54/Machina_Robotics_HW/ros2_ws/install/custom_interfaces LD_LIBRARY_PATH=/home/jca54/Machina_Robotics_HW/ros2_ws/install/custom_interfaces/lib:${LD_LIBRARY_PATH} PYTHONPATH=/home/jca54/Machina_Robotics_HW/ros2_ws/build/sensor_data/prefix_override:/home/jca54/Machina_Robotics_HW/ros2_ws/install/sensor_data/lib/python3.10/site-packages:/home/jca54/Machina_Robotics_HW/ros2_ws/install/custom_interfaces/local/lib/python3.10/dist-packages:${PYTHONPATH} /usr/bin/python3 setup.py egg_info --egg-base ../../build/sensor_data build --build-base /home/jca54/Machina_Robotics_HW/ros2_ws/build/sensor_data/build install --record /home/jca54/Machina_Robotics_HW/ros2_ws/build/sensor_data/install.log --single-version-externally-managed
