running egg_info
writing ../../build/sensor_data/sensor_data.egg-info/PKG-INFO
writing dependency_links to ../../build/sensor_data/sensor_data.egg-info/dependency_links.txt
writing entry points to ../../build/sensor_data/sensor_data.egg-info/entry_points.txt
writing requirements to ../../build/sensor_data/sensor_data.egg-info/requires.txt
writing top-level names to ../../build/sensor_data/sensor_data.egg-info/top_level.txt
reading manifest file '../../build/sensor_data/sensor_data.egg-info/SOURCES.txt'
writing manifest file '../../build/sensor_data/sensor_data.egg-info/SOURCES.txt'
running build
running build_py
running install
running install_lib
running install_data
running install_egg_info
removing '/home/jca54/Machina_Robotics_HW/ros2_ws/install/sensor_data/lib/python3.10/site-packages/sensor_data-0.0.0-py3.10.egg-info' (and everything under it)
Copying ../../build/sensor_data/sensor_data.egg-info to /home/jca54/Machina_Robotics_HW/ros2_ws/install/sensor_data/lib/python3.10/site-packages/sensor_data-0.0.0-py3.10.egg-info
running install_scripts
Installing client script to /home/jca54/Machina_Robotics_HW/ros2_ws/install/sensor_data/lib/sensor_data
Installing service script to /home/jca54/Machina_Robotics_HW/ros2_ws/install/sensor_data/lib/sensor_data
writing list of installed files to '/home/jca54/Machina_Robotics_HW/ros2_ws/build/sensor_data/install.log'
