[1.512s] Invoking command in '/home/jca54/Machina_Robotics_HW/ros2_ws/src/sensor_data': AMENT_PREFIX_PATH=/home/jca54/Machina_Robotics_HW/ros2_ws/install/custom_interfaces:${AMENT_PREFIX_PATH} CMAKE_PREFIX_PATH=/home/jca54/Machina_Robotics_HW/ros2_ws/install/custom_interfaces LD_LIBRARY_PATH=/home/jca54/Machina_Robotics_HW/ros2_ws/install/custom_interfaces/lib:${LD_LIBRARY_PATH} PYTHONPATH=/home/jca54/Machina_Robotics_HW/ros2_ws/build/sensor_data/prefix_override:/home/jca54/Machina_Robotics_HW/ros2_ws/install/sensor_data/lib/python3.10/site-packages:/home/jca54/Machina_Robotics_HW/ros2_ws/install/custom_interfaces/local/lib/python3.10/dist-packages:${PYTHONPATH} /usr/bin/python3 setup.py egg_info --egg-base ../../build/sensor_data build --build-base /home/jca54/Machina_Robotics_HW/ros2_ws/build/sensor_data/build install --record /home/jca54/Machina_Robotics_HW/ros2_ws/build/sensor_data/install.log --single-version-externally-managed
[2.074s] running egg_info
[2.075s] writing ../../build/sensor_data/sensor_data.egg-info/PKG-INFO
[2.077s] writing dependency_links to ../../build/sensor_data/sensor_data.egg-info/dependency_links.txt
[2.077s] writing entry points to ../../build/sensor_data/sensor_data.egg-info/entry_points.txt
[2.078s] writing requirements to ../../build/sensor_data/sensor_data.egg-info/requires.txt
[2.079s] writing top-level names to ../../build/sensor_data/sensor_data.egg-info/top_level.txt
[2.086s] reading manifest file '../../build/sensor_data/sensor_data.egg-info/SOURCES.txt'
[2.088s] writing manifest file '../../build/sensor_data/sensor_data.egg-info/SOURCES.txt'
[2.089s] running build
[2.090s] running build_py
[2.090s] copying sensor_data/sensor_client.py -> /home/jca54/Machina_Robotics_HW/ros2_ws/build/sensor_data/build/lib/sensor_data
[2.110s] running install
[2.110s] /usr/lib/python3/dist-packages/setuptools/command/install.py:34: SetuptoolsDeprecationWarning: setup.py install is deprecated. Use build and pip and other standards-based tools.
[2.111s]   warnings.warn(
[2.111s] running install_lib
[2.114s] copying /home/jca54/Machina_Robotics_HW/ros2_ws/build/sensor_data/build/lib/sensor_data/sensor_client.py -> /home/jca54/Machina_Robotics_HW/ros2_ws/install/sensor_data/lib/python3.10/site-packages/sensor_data
[2.121s] byte-compiling /home/jca54/Machina_Robotics_HW/ros2_ws/install/sensor_data/lib/python3.10/site-packages/sensor_data/sensor_client.py to sensor_client.cpython-310.pyc
[2.129s] running install_data
[2.130s] running install_egg_info
[2.136s] removing '/home/jca54/Machina_Robotics_HW/ros2_ws/install/sensor_data/lib/python3.10/site-packages/sensor_data-0.0.0-py3.10.egg-info' (and everything under it)
[2.140s] Copying ../../build/sensor_data/sensor_data.egg-info to /home/jca54/Machina_Robotics_HW/ros2_ws/install/sensor_data/lib/python3.10/site-packages/sensor_data-0.0.0-py3.10.egg-info
[2.168s] running install_scripts
[2.237s] Installing client script to /home/jca54/Machina_Robotics_HW/ros2_ws/install/sensor_data/lib/sensor_data
[2.239s] Installing service script to /home/jca54/Machina_Robotics_HW/ros2_ws/install/sensor_data/lib/sensor_data
[2.241s] writing list of installed files to '/home/jca54/Machina_Robotics_HW/ros2_ws/build/sensor_data/install.log'
[2.287s] Invoked command in '/home/jca54/Machina_Robotics_HW/ros2_ws/src/sensor_data' returned '0': AMENT_PREFIX_PATH=/home/jca54/Machina_Robotics_HW/ros2_ws/install/custom_interfaces:${AMENT_PREFIX_PATH} CMAKE_PREFIX_PATH=/home/jca54/Machina_Robotics_HW/ros2_ws/install/custom_interfaces LD_LIBRARY_PATH=/home/jca54/Machina_Robotics_HW/ros2_ws/install/custom_interfaces/lib:${LD_LIBRARY_PATH} PYTHONPATH=/home/jca54/Machina_Robotics_HW/ros2_ws/build/sensor_data/prefix_override:/home/jca54/Machina_Robotics_HW/ros2_ws/install/sensor_data/lib/python3.10/site-packages:/home/jca54/Machina_Robotics_HW/ros2_ws/install/custom_interfaces/local/lib/python3.10/dist-packages:${PYTHONPATH} /usr/bin/python3 setup.py egg_info --egg-base ../../build/sensor_data build --build-base /home/jca54/Machina_Robotics_HW/ros2_ws/build/sensor_data/build install --record /home/jca54/Machina_Robotics_HW/ros2_ws/build/sensor_data/install.log --single-version-externally-managed
